Using pre-set license
Built from '2021.3/staging' branch; Version is '2021.3.8f1 (b30333d56e81) revision 11731763'; Using compiler version '192829333'; Build Type 'Release'
OS: 'Windows 10  (10.0.19044) 64bit Professional' Language: 'ru' Physical Memory: 32126 MB
BatchMode: 1, IsHumanControllingUs: 0, StartBugReporterOnCrash: 0, Is64bit: 1, IsPro: 1

COMMAND LINE ARGUMENTS:
C:\Unity\Hub\Editor\2021.3.8f1\Editor\Unity.exe
-adb2
-batchMode
-noUpm
-name
AssetImportWorker2
-projectPath
C:/Users/Khajienger/kjtAzurGamesTest
-logFile
Logs/AssetImportWorker2.log
-srvPort
53524
Successfully changed project path to: C:/Users/Khajienger/kjtAzurGamesTest
C:/Users/Khajienger/kjtAzurGamesTest
[UnityMemory] Configuration Parameters - Can be set up in boot.config
    "memorysetup-bucket-allocator-granularity=16"
    "memorysetup-bucket-allocator-bucket-count=8"
    "memorysetup-bucket-allocator-block-size=33554432"
    "memorysetup-bucket-allocator-block-count=8"
    "memorysetup-main-allocator-block-size=16777216"
    "memorysetup-thread-allocator-block-size=16777216"
    "memorysetup-gfx-main-allocator-block-size=16777216"
    "memorysetup-gfx-thread-allocator-block-size=16777216"
    "memorysetup-cache-allocator-block-size=4194304"
    "memorysetup-typetree-allocator-block-size=2097152"
    "memorysetup-profiler-bucket-allocator-granularity=16"
    "memorysetup-profiler-bucket-allocator-bucket-count=8"
    "memorysetup-profiler-bucket-allocator-block-size=33554432"
    "memorysetup-profiler-bucket-allocator-block-count=8"
    "memorysetup-profiler-allocator-block-size=16777216"
    "memorysetup-profiler-editor-allocator-block-size=1048576"
    "memorysetup-temp-allocator-size-main=16777216"
    "memorysetup-job-temp-allocator-block-size=2097152"
    "memorysetup-job-temp-allocator-block-size-background=1048576"
    "memorysetup-job-temp-allocator-reduction-small-platforms=262144"
    "memorysetup-temp-allocator-size-background-worker=32768"
    "memorysetup-temp-allocator-size-job-worker=262144"
    "memorysetup-temp-allocator-size-preload-manager=33554432"
    "memorysetup-temp-allocator-size-nav-mesh-worker=65536"
    "memorysetup-temp-allocator-size-audio-worker=65536"
    "memorysetup-temp-allocator-size-cloud-worker=32768"
    "memorysetup-temp-allocator-size-gi-baking-worker=262144"
    "memorysetup-temp-allocator-size-gfx=262144"
Refreshing native plugins compatible for Editor in 78.97 ms, found 3 plugins.
Preloading 0 native plugins for Editor in 0.00 ms.
Initialize engine version: 2021.3.8f1 (b30333d56e81)
[Subsystems] Discovering subsystems at path C:/Unity/Hub/Editor/2021.3.8f1/Editor/Data/Resources/UnitySubsystems
[Subsystems] Discovering subsystems at path C:/Users/Khajienger/kjtAzurGamesTest/Assets
GfxDevice: creating device client; threaded=0; jobified=0
Direct3D:
    Version:  Direct3D 11.0 [level 11.1]
    Renderer: NVIDIA GeForce GTX 950 (ID=0x1402)
    Vendor:   NVIDIA
    VRAM:     2002 MB
    Driver:   31.0.15.3141
Initialize mono
Mono path[0] = 'C:/Unity/Hub/Editor/2021.3.8f1/Editor/Data/Managed'
Mono path[1] = 'C:/Unity/Hub/Editor/2021.3.8f1/Editor/Data/MonoBleedingEdge/lib/mono/unityjit-win32'
Mono config path = 'C:/Unity/Hub/Editor/2021.3.8f1/Editor/Data/MonoBleedingEdge/etc'
Using monoOptions --debugger-agent=transport=dt_socket,embedding=1,server=y,suspend=n,address=127.0.0.1:56920
Begin MonoManager ReloadAssembly
Registering precompiled unity dll's ...
Register platform support module: C:/Unity/Hub/Editor/2021.3.8f1/Editor/Data/PlaybackEngines/WebGLSupport/UnityEditor.WebGL.Extensions.dll
Register platform support module: C:/Unity/Hub/Editor/2021.3.8f1/Editor/Data/PlaybackEngines/AndroidPlayer/UnityEditor.Android.Extensions.dll
Register platform support module: C:/Unity/Hub/Editor/2021.3.8f1/Editor/Data/PlaybackEngines/iOSSupport/UnityEditor.iOS.Extensions.dll
Register platform support module: C:/Unity/Hub/Editor/2021.3.8f1/Editor/Data/PlaybackEngines/WindowsStandaloneSupport/UnityEditor.WindowsStandalone.Extensions.dll
Register platform support module: C:/Unity/Hub/Editor/2021.3.8f1/Editor/Data/PlaybackEngines/MetroSupport/UnityEditor.UWP.Extensions.dll
Registered in 0.009872 seconds.
Native extension for UWP target not found
Native extension for WindowsStandalone target not found
[usbmuxd] Start listen thread
[usbmuxd] Listen thread started
Native extension for iOS target not found
Native extension for Android target not found
Native extension for WebGL target not found
Refreshing native plugins compatible for Editor in 65.12 ms, found 3 plugins.
Preloading 0 native plugins for Editor in 0.00 ms.
Mono: successfully reloaded assembly
- Completed reload, in  0.568 seconds
Domain Reload Profiling:
	ReloadAssembly (569ms)
		BeginReloadAssembly (106ms)
			ExecutionOrderSort (0ms)
			DisableScriptedObjects (0ms)
			BackupInstance (0ms)
			ReleaseScriptingObjects (0ms)
			CreateAndSetChildDomain (1ms)
		EndReloadAssembly (375ms)
			LoadAssemblies (107ms)
			RebuildTransferFunctionScriptingTraits (0ms)
			SetupTypeCache (83ms)
			ReleaseScriptCaches (0ms)
			RebuildScriptCaches (20ms)
			SetupLoadedEditorAssemblies (230ms)
				LogAssemblyErrors (0ms)
				InitializePlatformSupportModulesInManaged (54ms)
				SetLoadedEditorAssemblies (0ms)
				RefreshPlugins (65ms)
				BeforeProcessingInitializeOnLoad (1ms)
				ProcessInitializeOnLoadAttributes (74ms)
				ProcessInitializeOnLoadMethodAttributes (36ms)
				AfterProcessingInitializeOnLoad (0ms)
				EditorAssembliesLoaded (0ms)
			ExecutionOrderSort2 (0ms)
			AwakeInstancesAfterBackupRestoration (0ms)
Platform modules already initialized, skipping
Registering precompiled user dll's ...
Registered in 0.004887 seconds.
Begin MonoManager ReloadAssembly
Symbol file LoadedFromMemory doesn't match image C:\Users\Khajienger\kjtAzurGamesTest\Library\PackageCache\com.unity.visualscripting@1.7.8\Editor\VisualScripting.Core\Dependencies\YamlDotNet\Unity.VisualScripting.YamlDotNet.dll
Symbol file LoadedFromMemory doesn't match image C:\Users\Khajienger\kjtAzurGamesTest\Library\PackageCache\com.unity.visualscripting@1.7.8\Editor\VisualScripting.Core\Dependencies\DotNetZip\Unity.VisualScripting.IonicZip.dll
Native extension for UWP target not found
Native extension for WindowsStandalone target not found
Native extension for iOS target not found
Native extension for Android target not found
Native extension for WebGL target not found
Refreshing native plugins compatible for Editor in 0.66 ms, found 3 plugins.
Preloading 0 native plugins for Editor in 0.00 ms.
Mono: successfully reloaded assembly
- Completed reload, in  0.957 seconds
Domain Reload Profiling:
	ReloadAssembly (958ms)
		BeginReloadAssembly (190ms)
			ExecutionOrderSort (0ms)
			DisableScriptedObjects (5ms)
			BackupInstance (0ms)
			ReleaseScriptingObjects (0ms)
			CreateAndSetChildDomain (121ms)
		EndReloadAssembly (673ms)
			LoadAssemblies (128ms)
			RebuildTransferFunctionScriptingTraits (0ms)
			SetupTypeCache (188ms)
			ReleaseScriptCaches (1ms)
			RebuildScriptCaches (35ms)
			SetupLoadedEditorAssemblies (292ms)
				LogAssemblyErrors (0ms)
				InitializePlatformSupportModulesInManaged (21ms)
				SetLoadedEditorAssemblies (0ms)
				RefreshPlugins (1ms)
				BeforeProcessingInitializeOnLoad (69ms)
				ProcessInitializeOnLoadAttributes (172ms)
				ProcessInitializeOnLoadMethodAttributes (24ms)
				AfterProcessingInitializeOnLoad (6ms)
				EditorAssembliesLoaded (0ms)
			ExecutionOrderSort2 (0ms)
			AwakeInstancesAfterBackupRestoration (5ms)
Platform modules already initialized, skipping
========================================================================
Worker process is ready to serve import requests
Launched and connected shader compiler UnityShaderCompiler.exe after 0.04 seconds
Refreshing native plugins compatible for Editor in 0.65 ms, found 3 plugins.
Preloading 0 native plugins for Editor in 0.00 ms.
Unloading 3424 Unused Serialized files (Serialized files now loaded: 0)
Unloading 27 unused Assets / (111.1 KB). Loaded Objects now: 3884.
Memory consumption went from 119.4 MB to 119.3 MB.
Total: 2.656500 ms (FindLiveObjects: 0.237200 ms CreateObjectMapping: 0.092000 ms MarkObjects: 2.227400 ms  DeleteObjects: 0.099200 ms)

AssetImportParameters requested are different than current active one (requested -> active):
  custom:video-decoder-ogg-theora: a1e56fd34408186e4bbccfd4996cb3dc -> 
  custom:container-muxer-webm: aa71ff27fc2769a1b78a27578f13a17b -> 
  custom:container-demuxer-webm: 4f35f7cbe854078d1ac9338744f61a02 -> 
  custom:video-encoder-webm-vp8: eb34c28f22e8b96e1ab97ce403110664 -> 
  custom:audio-encoder-webm-vorbis: bf7c407c2cedff20999df2af8eb42d56 -> 
  custom:framework-win-MediaFoundation: 216162199b28c13a410421893ffa2e32 -> 
  custom:container-demuxer-ogg: 62fdf1f143b41e24485cea50d1cbac27 -> 
  custom:video-decoder-webm-vp8: 9c59270c3fd7afecdb556c50c9e8de78 -> 
  custom:audio-decoder-ogg-vorbis: bf7c407c2cedff20999df2af8eb42d56 -> 
========================================================================
Received Import Request.
  Time since last request: 156599.896303 seconds.
  path: Assets/Materials/Textures/Foodpack_albedo.tga
  artifactKey: Guid(ed63481ea8fe74b45944da6752148b0a) Importer(815301076,1909f56bfc062723c751e8b465ee728b)
Start importing Assets/Materials/Textures/Foodpack_albedo.tga using Guid(ed63481ea8fe74b45944da6752148b0a) Importer(815301076,1909f56bfc062723c751e8b465ee728b)  -> (artifact id: '76f31722fef755d798fd169c2d4af88d') in 0.069759 seconds 
========================================================================
Received Import Request.
  Time since last request: 41.548832 seconds.
  path: Assets/Materials/Textures/Foodpack_height_map.jpg
  artifactKey: Guid(02780d534ea001d4faac87e44b7aed64) Importer(815301076,1909f56bfc062723c751e8b465ee728b)
Start importing Assets/Materials/Textures/Foodpack_height_map.jpg using Guid(02780d534ea001d4faac87e44b7aed64) Importer(815301076,1909f56bfc062723c751e8b465ee728b)  -> (artifact id: '482aef430d03923ff6eea1dac9954af0') in 0.048359 seconds 
========================================================================
Received Import Request.
  Time since last request: 1.824050 seconds.
  path: Assets/Materials/Foodpack.mat
  artifactKey: Guid(8e8650c78735fc2448b55875cedaa337) Importer(815301076,1909f56bfc062723c751e8b465ee728b)
Start importing Assets/Materials/Foodpack.mat using Guid(8e8650c78735fc2448b55875cedaa337) Importer(815301076,1909f56bfc062723c751e8b465ee728b)  -> (artifact id: '601436e70dacc2e5a768dc37ee54cf55') in 0.055811 seconds 
========================================================================
Received Import Request.
  Time since last request: 48.012647 seconds.
  path: Assets/Materials/Textures/Foodpack_normal_map.jpg
  artifactKey: Guid(0d4023ec279770f45ab37433d260b75e) Importer(815301076,1909f56bfc062723c751e8b465ee728b)
Start importing Assets/Materials/Textures/Foodpack_normal_map.jpg using Guid(0d4023ec279770f45ab37433d260b75e) Importer(815301076,1909f56bfc062723c751e8b465ee728b)  -> (artifact id: '2f7c6205a861e33e1cb09936cd87e9bb') in 0.013702 seconds 
========================================================================
Received Import Request.
  Time since last request: 131.753737 seconds.
  path: Assets/Materials/Textures/Foodpack_normal_map.jpg
  artifactKey: Guid(0d4023ec279770f45ab37433d260b75e) Importer(815301076,1909f56bfc062723c751e8b465ee728b)
Start importing Assets/Materials/Textures/Foodpack_normal_map.jpg using Guid(0d4023ec279770f45ab37433d260b75e) Importer(815301076,1909f56bfc062723c751e8b465ee728b)  -> (artifact id: 'ce332d4cbefdedcfe25396c35c90498a') in 0.012313 seconds 
========================================================================
Received Import Request.
  Time since last request: 35.506728 seconds.
  path: Assets/Materials/Textures/Foodpack_normal_map.jpg
  artifactKey: Guid(0d4023ec279770f45ab37433d260b75e) Importer(815301076,1909f56bfc062723c751e8b465ee728b)
Start importing Assets/Materials/Textures/Foodpack_normal_map.jpg using Guid(0d4023ec279770f45ab37433d260b75e) Importer(815301076,1909f56bfc062723c751e8b465ee728b)  -> (artifact id: 'be740cbddab4d557b75fabbc5496103f') in 0.024595 seconds 
========================================================================
Received Import Request.
  Time since last request: 3222.332885 seconds.
  path: Assets/Materials/Textures/CheckoutTape_ao.jpg
  artifactKey: Guid(fbee2c9cfb7a26949aab01ab7819a32e) Importer(815301076,1909f56bfc062723c751e8b465ee728b)
Start importing Assets/Materials/Textures/CheckoutTape_ao.jpg using Guid(fbee2c9cfb7a26949aab01ab7819a32e) Importer(815301076,1909f56bfc062723c751e8b465ee728b)  -> (artifact id: 'b0dcb127fc8402e906294e548287cd50') in 0.019815 seconds 
========================================================================
Received Import Request.
  Time since last request: 0.000028 seconds.
  path: Assets/Materials/Textures/Refrigator_height_map.jpg
  artifactKey: Guid(eb8a17aaffff6a24d9c0bf927881c869) Importer(815301076,1909f56bfc062723c751e8b465ee728b)
Start importing Assets/Materials/Textures/Refrigator_height_map.jpg using Guid(eb8a17aaffff6a24d9c0bf927881c869) Importer(815301076,1909f56bfc062723c751e8b465ee728b)  -> (artifact id: 'fe348249567540a0666aaae7bc0410d9') in 0.024089 seconds 
========================================================================
Received Import Request.
  Time since last request: 0.000035 seconds.
  path: Assets/Materials/Textures/Shelf_ao.jpg
  artifactKey: Guid(5bbb8f898c0c9a44c8816c3551ba4c4a) Importer(815301076,1909f56bfc062723c751e8b465ee728b)
Start importing Assets/Materials/Textures/Shelf_ao.jpg using Guid(5bbb8f898c0c9a44c8816c3551ba4c4a) Importer(815301076,1909f56bfc062723c751e8b465ee728b)  -> (artifact id: '31e61eedaa2554a7cb57f980fded4386') in 0.027325 seconds 
========================================================================
Received Import Request.
  Time since last request: 0.000029 seconds.
  path: Assets/Materials/Textures/Shelf_metallic.tga
  artifactKey: Guid(fbd5035420b82c2408e909e9331683b7) Importer(815301076,1909f56bfc062723c751e8b465ee728b)
Start importing Assets/Materials/Textures/Shelf_metallic.tga using Guid(fbd5035420b82c2408e909e9331683b7) Importer(815301076,1909f56bfc062723c751e8b465ee728b)  -> (artifact id: 'ab7d462a0184c412494df5f0b54a4ac5') in 0.013569 seconds 
========================================================================
Received Import Request.
  Time since last request: 0.000023 seconds.
  path: Assets/Materials/Textures/CheckoutTape_metallic.tga
  artifactKey: Guid(9279cdc8b660a82488e705771db45ca5) Importer(815301076,1909f56bfc062723c751e8b465ee728b)
Start importing Assets/Materials/Textures/CheckoutTape_metallic.tga using Guid(9279cdc8b660a82488e705771db45ca5) Importer(815301076,1909f56bfc062723c751e8b465ee728b)  -> (artifact id: '77a51e4b527da79c42417b3fce9ad7ae') in 0.015735 seconds 
========================================================================
Received Import Request.
  Time since last request: 32.005904 seconds.
  path: Assets/Materials/Textures/StoreBox_height_map.jpg
  artifactKey: Guid(44d71a9f8de9fa34bbbbbd064a4b221b) Importer(815301076,1909f56bfc062723c751e8b465ee728b)
Start importing Assets/Materials/Textures/StoreBox_height_map.jpg using Guid(44d71a9f8de9fa34bbbbbd064a4b221b) Importer(815301076,1909f56bfc062723c751e8b465ee728b)  -> (artifact id: '30fdf584c05ea3c01a6d25f50ab56738') in 0.009932 seconds 
========================================================================
Received Import Request.
  Time since last request: 24.555013 seconds.
  path: Assets/Materials/Textures/StoreBox_ao.jpg
  artifactKey: Guid(bf0f1c67d3c080b4c9b0f4ef1519868f) Importer(815301076,1909f56bfc062723c751e8b465ee728b)
Start importing Assets/Materials/Textures/StoreBox_ao.jpg using Guid(bf0f1c67d3c080b4c9b0f4ef1519868f) Importer(815301076,1909f56bfc062723c751e8b465ee728b)  -> (artifact id: '9a9ca82e4eb02bfaf68f0c5eacd64843') in 0.024088 seconds 
========================================================================
Received Import Request.
  Time since last request: 33.676301 seconds.
  path: Assets/Materials/Textures/Shelf_metallic.tga
  artifactKey: Guid(fbd5035420b82c2408e909e9331683b7) Importer(815301076,1909f56bfc062723c751e8b465ee728b)
Start importing Assets/Materials/Textures/Shelf_metallic.tga using Guid(fbd5035420b82c2408e909e9331683b7) Importer(815301076,1909f56bfc062723c751e8b465ee728b)  -> (artifact id: '949cafc566375ffa4a76ffd5e6a8e508') in 0.009735 seconds 
========================================================================
Received Import Request.
  Time since last request: 2.920583 seconds.
  path: Assets/Materials/Textures/Shelf_height_map.jpg
  artifactKey: Guid(8277c40c126f93d4fa0fac879dc77d8a) Importer(815301076,1909f56bfc062723c751e8b465ee728b)
Start importing Assets/Materials/Textures/Shelf_height_map.jpg using Guid(8277c40c126f93d4fa0fac879dc77d8a) Importer(815301076,1909f56bfc062723c751e8b465ee728b)  -> (artifact id: '58dd4c29c0a6bc9dee41ec2558175329') in 0.008729 seconds 
========================================================================
Received Import Request.
  Time since last request: 3.985155 seconds.
  path: Assets/Materials/Textures/Shelf_ao.jpg
  artifactKey: Guid(5bbb8f898c0c9a44c8816c3551ba4c4a) Importer(815301076,1909f56bfc062723c751e8b465ee728b)
Start importing Assets/Materials/Textures/Shelf_ao.jpg using Guid(5bbb8f898c0c9a44c8816c3551ba4c4a) Importer(815301076,1909f56bfc062723c751e8b465ee728b)  -> (artifact id: '46f61d31f892e29bf632644b5f539f6c') in 0.009521 seconds 
========================================================================
Received Import Request.
  Time since last request: 14.396550 seconds.
  path: Assets/Materials/Textures/Refrigator_height_map.jpg
  artifactKey: Guid(eb8a17aaffff6a24d9c0bf927881c869) Importer(815301076,1909f56bfc062723c751e8b465ee728b)
Start importing Assets/Materials/Textures/Refrigator_height_map.jpg using Guid(eb8a17aaffff6a24d9c0bf927881c869) Importer(815301076,1909f56bfc062723c751e8b465ee728b)  -> (artifact id: '3633bf1b06b36c7670fa4c7cf2037bb2') in 0.013516 seconds 
========================================================================
Received Import Request.
  Time since last request: 4.841874 seconds.
  path: Assets/Materials/Textures/Refrigator_ao.jpg
  artifactKey: Guid(cfcd93cf68196a140a158072bc0f9b6e) Importer(815301076,1909f56bfc062723c751e8b465ee728b)
Start importing Assets/Materials/Textures/Refrigator_ao.jpg using Guid(cfcd93cf68196a140a158072bc0f9b6e) Importer(815301076,1909f56bfc062723c751e8b465ee728b)  -> (artifact id: 'a568d135a324f49b770e2d8e453fe621') in 0.011408 seconds 
========================================================================
Received Import Request.
  Time since last request: 7.673410 seconds.
  path: Assets/Materials/Textures/CheckoutTape_metallic.tga
  artifactKey: Guid(9279cdc8b660a82488e705771db45ca5) Importer(815301076,1909f56bfc062723c751e8b465ee728b)
Start importing Assets/Materials/Textures/CheckoutTape_metallic.tga using Guid(9279cdc8b660a82488e705771db45ca5) Importer(815301076,1909f56bfc062723c751e8b465ee728b)  -> (artifact id: '1f2f06d26897b6546b70eca2537635c5') in 0.010814 seconds 
========================================================================
Received Import Request.
  Time since last request: 7.602460 seconds.
  path: Assets/Materials/Textures/CheckoutTape_height_map.jpg
  artifactKey: Guid(a0d27795fec635c4a8366088fd4940dd) Importer(815301076,1909f56bfc062723c751e8b465ee728b)
Start importing Assets/Materials/Textures/CheckoutTape_height_map.jpg using Guid(a0d27795fec635c4a8366088fd4940dd) Importer(815301076,1909f56bfc062723c751e8b465ee728b)  -> (artifact id: '452ec684e599e25435e3c23517fed303') in 0.009639 seconds 
========================================================================
Received Import Request.
  Time since last request: 11.728580 seconds.
  path: Assets/Materials/Textures/CheckoutTape_ao.jpg
  artifactKey: Guid(fbee2c9cfb7a26949aab01ab7819a32e) Importer(815301076,1909f56bfc062723c751e8b465ee728b)
Start importing Assets/Materials/Textures/CheckoutTape_ao.jpg using Guid(fbee2c9cfb7a26949aab01ab7819a32e) Importer(815301076,1909f56bfc062723c751e8b465ee728b)  -> (artifact id: 'f195b02e2750195ed59c4fa769ca9206') in 0.011050 seconds 
========================================================================
Received Import Request.
  Time since last request: 6.598066 seconds.
  path: Assets/Materials/Textures/Cart_metallic.tga
  artifactKey: Guid(eaf9dd356e3ebd24096521037f656a26) Importer(815301076,1909f56bfc062723c751e8b465ee728b)
Start importing Assets/Materials/Textures/Cart_metallic.tga using Guid(eaf9dd356e3ebd24096521037f656a26) Importer(815301076,1909f56bfc062723c751e8b465ee728b)  -> (artifact id: '74031d5cc8785886ddd2d1788a00a235') in 0.009334 seconds 
========================================================================
Received Import Request.
  Time since last request: 2.805427 seconds.
  path: Assets/Materials/Textures/Cart_ao.jpg
  artifactKey: Guid(a93693c488a73ea48b1e7b30053f8af4) Importer(815301076,1909f56bfc062723c751e8b465ee728b)
Start importing Assets/Materials/Textures/Cart_ao.jpg using Guid(a93693c488a73ea48b1e7b30053f8af4) Importer(815301076,1909f56bfc062723c751e8b465ee728b)  -> (artifact id: 'e6cf69ddbefa917f843c37c445ea4023') in 0.012751 seconds 
========================================================================
Received Import Request.
  Time since last request: 6.893101 seconds.
  path: Assets/Materials/Textures/Bottle_height_map.jpg
  artifactKey: Guid(e3bd63c5040584e4abdb86eacfd4bfaa) Importer(815301076,1909f56bfc062723c751e8b465ee728b)
Start importing Assets/Materials/Textures/Bottle_height_map.jpg using Guid(e3bd63c5040584e4abdb86eacfd4bfaa) Importer(815301076,1909f56bfc062723c751e8b465ee728b)  -> (artifact id: '0a7aa4d528d6572010bade6b5293a467') in 0.009613 seconds 
========================================================================
Received Import Request.
  Time since last request: 4.606623 seconds.
  path: Assets/Materials/Textures/ATM_metallic.tga
  artifactKey: Guid(6c0cd4720a97d4349980841cf87e111b) Importer(815301076,1909f56bfc062723c751e8b465ee728b)
Start importing Assets/Materials/Textures/ATM_metallic.tga using Guid(6c0cd4720a97d4349980841cf87e111b) Importer(815301076,1909f56bfc062723c751e8b465ee728b)  -> (artifact id: 'b18dc6971df9e99bad79dec15e52df02') in 0.009667 seconds 
========================================================================
Received Import Request.
  Time since last request: 4.512237 seconds.
  path: Assets/Materials/Textures/ATM_height_map.jpg
  artifactKey: Guid(b7a254486e505d8479913208afaae429) Importer(815301076,1909f56bfc062723c751e8b465ee728b)
Start importing Assets/Materials/Textures/ATM_height_map.jpg using Guid(b7a254486e505d8479913208afaae429) Importer(815301076,1909f56bfc062723c751e8b465ee728b)  -> (artifact id: 'af09adfec04918b2bb1d1e8a733da1bd') in 0.009283 seconds 
========================================================================
Received Import Request.
  Time since last request: 3.248660 seconds.
  path: Assets/Materials/Textures/ATM_ao.jpg
  artifactKey: Guid(8e8ee7774c159c446a29f0ea6de34d93) Importer(815301076,1909f56bfc062723c751e8b465ee728b)
Start importing Assets/Materials/Textures/ATM_ao.jpg using Guid(8e8ee7774c159c446a29f0ea6de34d93) Importer(815301076,1909f56bfc062723c751e8b465ee728b)  -> (artifact id: '515e1d1c9a72e91484f61d449fb013ba') in 0.009288 seconds 
========================================================================
Received Import Request.
  Time since last request: 11.063821 seconds.
  path: Assets/Materials/Foodpack.mat
  artifactKey: Guid(8e8650c78735fc2448b55875cedaa337) Importer(815301076,1909f56bfc062723c751e8b465ee728b)
Start importing Assets/Materials/Foodpack.mat using Guid(8e8650c78735fc2448b55875cedaa337) Importer(815301076,1909f56bfc062723c751e8b465ee728b)  -> (artifact id: '8c23043905b55c4fc4f6028f8ab3ac4e') in 0.010883 seconds 
========================================================================
Received Import Request.
  Time since last request: 131.952857 seconds.
  path: Assets/Materials/ATM.mat
  artifactKey: Guid(74d6e549a020ddd49a87a79574e781cc) Importer(815301076,1909f56bfc062723c751e8b465ee728b)
Start importing Assets/Materials/ATM.mat using Guid(74d6e549a020ddd49a87a79574e781cc) Importer(815301076,1909f56bfc062723c751e8b465ee728b)  -> (artifact id: '4bee80996da1373043625a1b9af571e1') in 0.142836 seconds 
========================================================================
Received Import Request.
  Time since last request: 0.000025 seconds.
  path: Assets/Materials/CheckoutTape.mat
  artifactKey: Guid(8f3ebb05e1ec72c4da99b2c6fe17e7df) Importer(815301076,1909f56bfc062723c751e8b465ee728b)
Start importing Assets/Materials/CheckoutTape.mat using Guid(8f3ebb05e1ec72c4da99b2c6fe17e7df) Importer(815301076,1909f56bfc062723c751e8b465ee728b)  -> (artifact id: '37a7ce3c164f3b1881b97e26c4d34614') in 0.024394 seconds 
========================================================================
Received Import Request.
  Time since last request: 0.000018 seconds.
  path: Assets/Materials/Cart.mat
  artifactKey: Guid(d6330919dc7cd8c4cb2813626e1d937c) Importer(815301076,1909f56bfc062723c751e8b465ee728b)
Start importing Assets/Materials/Cart.mat using Guid(d6330919dc7cd8c4cb2813626e1d937c) Importer(815301076,1909f56bfc062723c751e8b465ee728b)  -> (artifact id: 'd30be56ad858ebc149b52bce41431321') in 0.124488 seconds 
========================================================================
Received Import Request.
  Time since last request: 114.219990 seconds.
  path: Assets/Materials/Refrigator.mat
  artifactKey: Guid(1ef70ed51fde24c4d9a06c3af89768d0) Importer(815301076,1909f56bfc062723c751e8b465ee728b)
Start importing Assets/Materials/Refrigator.mat using Guid(1ef70ed51fde24c4d9a06c3af89768d0) Importer(815301076,1909f56bfc062723c751e8b465ee728b)  -> (artifact id: '88562ec40eb139e96e7f21449cdee260') in 0.151555 seconds 
========================================================================
Received Import Request.
  Time since last request: 69.914255 seconds.
  path: Assets/Materials/StoreBox.mat
  artifactKey: Guid(b7b9f6ba48410f4468ca3a22c0ae4b12) Importer(815301076,1909f56bfc062723c751e8b465ee728b)
Start importing Assets/Materials/StoreBox.mat using Guid(b7b9f6ba48410f4468ca3a22c0ae4b12) Importer(815301076,1909f56bfc062723c751e8b465ee728b)  -> (artifact id: '15212cfaf27b1573f76d2ce154d699fa') in 0.055468 seconds 
========================================================================
Received Import Request.
  Time since last request: 81.272214 seconds.
  path: Assets/Materials/ATM.mat
  artifactKey: Guid(74d6e549a020ddd49a87a79574e781cc) Importer(815301076,1909f56bfc062723c751e8b465ee728b)
Start importing Assets/Materials/ATM.mat using Guid(74d6e549a020ddd49a87a79574e781cc) Importer(815301076,1909f56bfc062723c751e8b465ee728b)  -> (artifact id: 'c17bdbf23dfe3dd60ef44b5de6aa3b2a') in 0.012955 seconds 
========================================================================
Received Import Request.
  Time since last request: 28.067846 seconds.
  path: Assets/Materials/ATM.mat
  artifactKey: Guid(74d6e549a020ddd49a87a79574e781cc) Importer(815301076,1909f56bfc062723c751e8b465ee728b)
Start importing Assets/Materials/ATM.mat using Guid(74d6e549a020ddd49a87a79574e781cc) Importer(815301076,1909f56bfc062723c751e8b465ee728b)  -> (artifact id: 'adb320885f2d888582c504522aef8241') in 0.011824 seconds 
========================================================================
Received Import Request.
  Time since last request: 810.610541 seconds.
  path: Assets/Materials/Cart.mat
  artifactKey: Guid(d6330919dc7cd8c4cb2813626e1d937c) Importer(815301076,1909f56bfc062723c751e8b465ee728b)
Start importing Assets/Materials/Cart.mat using Guid(d6330919dc7cd8c4cb2813626e1d937c) Importer(815301076,1909f56bfc062723c751e8b465ee728b)  -> (artifact id: '9e4949fde983fb48aad8b09a0d698737') in 0.015301 seconds 
========================================================================
Received Import Request.
  Time since last request: 190.110949 seconds.
  path: Assets/Materials/Foodpack.mat
  artifactKey: Guid(8e8650c78735fc2448b55875cedaa337) Importer(815301076,1909f56bfc062723c751e8b465ee728b)
Start importing Assets/Materials/Foodpack.mat using Guid(8e8650c78735fc2448b55875cedaa337) Importer(815301076,1909f56bfc062723c751e8b465ee728b)  -> (artifact id: '5d239f8a038665ae35892a1ba3123432') in 0.012978 seconds 
========================================================================
Received Import Request.
  Time since last request: 0.000022 seconds.
  path: Assets/Materials/RefrigatorAlpha.mat
  artifactKey: Guid(f6722a7a37660f74eb7973c178f82e42) Importer(815301076,1909f56bfc062723c751e8b465ee728b)
Start importing Assets/Materials/RefrigatorAlpha.mat using Guid(f6722a7a37660f74eb7973c178f82e42) Importer(815301076,1909f56bfc062723c751e8b465ee728b)  -> (artifact id: '2ec5541a94f850eb854330bf08c122ac') in 0.140451 seconds 
========================================================================
Received Import Request.
  Time since last request: 80.292750 seconds.
  path: Assets/Materials/Shelf.mat
  artifactKey: Guid(8f749920a635e1148806bfa2d7236a59) Importer(815301076,1909f56bfc062723c751e8b465ee728b)
Start importing Assets/Materials/Shelf.mat using Guid(8f749920a635e1148806bfa2d7236a59) Importer(815301076,1909f56bfc062723c751e8b465ee728b)  -> (artifact id: '095d74f2cdbee4b335800454a97ad9a9') in 0.013619 seconds 
========================================================================
Received Import Request.
  Time since last request: 39.078511 seconds.
  path: Assets/Models/ATM.fbx
  artifactKey: Guid(5baec7bccd8719f4ebc10c17c1fb5035) Importer(815301076,1909f56bfc062723c751e8b465ee728b)
Start importing Assets/Models/ATM.fbx using Guid(5baec7bccd8719f4ebc10c17c1fb5035) Importer(815301076,1909f56bfc062723c751e8b465ee728b)  -> (artifact id: '475a30a9f4d2ec10ade98dda28cbbf9c') in 0.065233 seconds 
========================================================================
Received Import Request.
  Time since last request: 0.000020 seconds.
  path: Assets/Models/Foodpack.fbx
  artifactKey: Guid(f6c0dd6c6ab29cb42a2920594a2c5346) Importer(815301076,1909f56bfc062723c751e8b465ee728b)
Start importing Assets/Models/Foodpack.fbx using Guid(f6c0dd6c6ab29cb42a2920594a2c5346) Importer(815301076,1909f56bfc062723c751e8b465ee728b)  -> (artifact id: 'd1ea584a94e577e1e9beba40a7fedc0e') in 0.040137 seconds 
========================================================================
Received Import Request.
  Time since last request: 0.000026 seconds.
  path: Assets/Models/Refrigirator.fbx
  artifactKey: Guid(59b6b53740ac2a1409d14a25ec44a4cf) Importer(815301076,1909f56bfc062723c751e8b465ee728b)
Start importing Assets/Models/Refrigirator.fbx using Guid(59b6b53740ac2a1409d14a25ec44a4cf) Importer(815301076,1909f56bfc062723c751e8b465ee728b)  -> (artifact id: '4204d197676687db7b4a1c1f3ac17173') in 0.071260 seconds 
========================================================================
Received Import Request.
  Time since last request: 0.000020 seconds.
  path: Assets/Models/Cart.fbx
  artifactKey: Guid(d1733cbf5f4168a438f05d24772c938f) Importer(815301076,1909f56bfc062723c751e8b465ee728b)
Start importing Assets/Models/Cart.fbx using Guid(d1733cbf5f4168a438f05d24772c938f) Importer(815301076,1909f56bfc062723c751e8b465ee728b)  -> (artifact id: '911a871dde6863f0bcb33d77487e0fe7') in 0.021299 seconds 
Editor requested this worker to shutdown with reason: Scaling down because of idle timeout
AssetImportWorker is now disconnected from the server
Process exiting
Exiting without the bug reporter. Application will terminate with return code 0