Using pre-set license
Built from '2021.3/staging' branch; Version is '2021.3.8f1 (b30333d56e81) revision 11731763'; Using compiler version '192829333'; Build Type 'Release'
OS: 'Windows 10  (10.0.19044) 64bit Professional' Language: 'ru' Physical Memory: 32126 MB
BatchMode: 1, IsHumanControllingUs: 0, StartBugReporterOnCrash: 0, Is64bit: 1, IsPro: 1

COMMAND LINE ARGUMENTS:
C:\Unity\Hub\Editor\2021.3.8f1\Editor\Unity.exe
-adb2
-batchMode
-noUpm
-name
AssetImportWorker4
-projectPath
C:/Users/Khajienger/kjtAzurGamesTest
-logFile
Logs/AssetImportWorker4.log
-srvPort
53524
Successfully changed project path to: C:/Users/Khajienger/kjtAzurGamesTest
C:/Users/Khajienger/kjtAzurGamesTest
[UnityMemory] Configuration Parameters - Can be set up in boot.config
    "memorysetup-bucket-allocator-granularity=16"
    "memorysetup-bucket-allocator-bucket-count=8"
    "memorysetup-bucket-allocator-block-size=33554432"
    "memorysetup-bucket-allocator-block-count=8"
    "memorysetup-main-allocator-block-size=16777216"
    "memorysetup-thread-allocator-block-size=16777216"
    "memorysetup-gfx-main-allocator-block-size=16777216"
    "memorysetup-gfx-thread-allocator-block-size=16777216"
    "memorysetup-cache-allocator-block-size=4194304"
    "memorysetup-typetree-allocator-block-size=2097152"
    "memorysetup-profiler-bucket-allocator-granularity=16"
    "memorysetup-profiler-bucket-allocator-bucket-count=8"
    "memorysetup-profiler-bucket-allocator-block-size=33554432"
    "memorysetup-profiler-bucket-allocator-block-count=8"
    "memorysetup-profiler-allocator-block-size=16777216"
    "memorysetup-profiler-editor-allocator-block-size=1048576"
    "memorysetup-temp-allocator-size-main=16777216"
    "memorysetup-job-temp-allocator-block-size=2097152"
    "memorysetup-job-temp-allocator-block-size-background=1048576"
    "memorysetup-job-temp-allocator-reduction-small-platforms=262144"
    "memorysetup-temp-allocator-size-background-worker=32768"
    "memorysetup-temp-allocator-size-job-worker=262144"
    "memorysetup-temp-allocator-size-preload-manager=33554432"
    "memorysetup-temp-allocator-size-nav-mesh-worker=65536"
    "memorysetup-temp-allocator-size-audio-worker=65536"
    "memorysetup-temp-allocator-size-cloud-worker=32768"
    "memorysetup-temp-allocator-size-gi-baking-worker=262144"
    "memorysetup-temp-allocator-size-gfx=262144"
Refreshing native plugins compatible for Editor in 84.75 ms, found 3 plugins.
Preloading 0 native plugins for Editor in 0.00 ms.
Initialize engine version: 2021.3.8f1 (b30333d56e81)
[Subsystems] Discovering subsystems at path C:/Unity/Hub/Editor/2021.3.8f1/Editor/Data/Resources/UnitySubsystems
[Subsystems] Discovering subsystems at path C:/Users/Khajienger/kjtAzurGamesTest/Assets
GfxDevice: creating device client; threaded=0; jobified=0
Direct3D:
    Version:  Direct3D 11.0 [level 11.1]
    Renderer: NVIDIA GeForce GTX 950 (ID=0x1402)
    Vendor:   NVIDIA
    VRAM:     2002 MB
    Driver:   31.0.15.3141
Initialize mono
Mono path[0] = 'C:/Unity/Hub/Editor/2021.3.8f1/Editor/Data/Managed'
Mono path[1] = 'C:/Unity/Hub/Editor/2021.3.8f1/Editor/Data/MonoBleedingEdge/lib/mono/unityjit-win32'
Mono config path = 'C:/Unity/Hub/Editor/2021.3.8f1/Editor/Data/MonoBleedingEdge/etc'
Using monoOptions --debugger-agent=transport=dt_socket,embedding=1,server=y,suspend=n,address=127.0.0.1:56948
Begin MonoManager ReloadAssembly
Registering precompiled unity dll's ...
Register platform support module: C:/Unity/Hub/Editor/2021.3.8f1/Editor/Data/PlaybackEngines/WebGLSupport/UnityEditor.WebGL.Extensions.dll
Register platform support module: C:/Unity/Hub/Editor/2021.3.8f1/Editor/Data/PlaybackEngines/AndroidPlayer/UnityEditor.Android.Extensions.dll
Register platform support module: C:/Unity/Hub/Editor/2021.3.8f1/Editor/Data/PlaybackEngines/iOSSupport/UnityEditor.iOS.Extensions.dll
Register platform support module: C:/Unity/Hub/Editor/2021.3.8f1/Editor/Data/PlaybackEngines/WindowsStandaloneSupport/UnityEditor.WindowsStandalone.Extensions.dll
Register platform support module: C:/Unity/Hub/Editor/2021.3.8f1/Editor/Data/PlaybackEngines/MetroSupport/UnityEditor.UWP.Extensions.dll
Registered in 0.007481 seconds.
Native extension for UWP target not found
Native extension for WindowsStandalone target not found
[usbmuxd] Start listen thread
[usbmuxd] Listen thread started
Native extension for iOS target not found
Native extension for Android target not found
Native extension for WebGL target not found
Refreshing native plugins compatible for Editor in 67.15 ms, found 3 plugins.
Preloading 0 native plugins for Editor in 0.00 ms.
Mono: successfully reloaded assembly
- Completed reload, in  0.511 seconds
Domain Reload Profiling:
	ReloadAssembly (511ms)
		BeginReloadAssembly (58ms)
			ExecutionOrderSort (0ms)
			DisableScriptedObjects (0ms)
			BackupInstance (0ms)
			ReleaseScriptingObjects (0ms)
			CreateAndSetChildDomain (1ms)
		EndReloadAssembly (369ms)
			LoadAssemblies (58ms)
			RebuildTransferFunctionScriptingTraits (0ms)
			SetupTypeCache (78ms)
			ReleaseScriptCaches (0ms)
			RebuildScriptCaches (21ms)
			SetupLoadedEditorAssemblies (230ms)
				LogAssemblyErrors (0ms)
				InitializePlatformSupportModulesInManaged (55ms)
				SetLoadedEditorAssemblies (0ms)
				RefreshPlugins (67ms)
				BeforeProcessingInitializeOnLoad (1ms)
				ProcessInitializeOnLoadAttributes (73ms)
				ProcessInitializeOnLoadMethodAttributes (33ms)
				AfterProcessingInitializeOnLoad (0ms)
				EditorAssembliesLoaded (0ms)
			ExecutionOrderSort2 (0ms)
			AwakeInstancesAfterBackupRestoration (0ms)
Platform modules already initialized, skipping
Registering precompiled user dll's ...
Registered in 0.004898 seconds.
Begin MonoManager ReloadAssembly
Symbol file LoadedFromMemory doesn't match image C:\Users\Khajienger\kjtAzurGamesTest\Library\PackageCache\com.unity.visualscripting@1.7.8\Editor\VisualScripting.Core\Dependencies\YamlDotNet\Unity.VisualScripting.YamlDotNet.dll
Symbol file LoadedFromMemory doesn't match image C:\Users\Khajienger\kjtAzurGamesTest\Library\PackageCache\com.unity.visualscripting@1.7.8\Editor\VisualScripting.Core\Dependencies\DotNetZip\Unity.VisualScripting.IonicZip.dll
Native extension for UWP target not found
Native extension for WindowsStandalone target not found
Native extension for iOS target not found
Native extension for Android target not found
Native extension for WebGL target not found
Refreshing native plugins compatible for Editor in 0.65 ms, found 3 plugins.
Preloading 0 native plugins for Editor in 0.00 ms.
Mono: successfully reloaded assembly
- Completed reload, in  0.909 seconds
Domain Reload Profiling:
	ReloadAssembly (909ms)
		BeginReloadAssembly (201ms)
			ExecutionOrderSort (0ms)
			DisableScriptedObjects (5ms)
			BackupInstance (0ms)
			ReleaseScriptingObjects (0ms)
			CreateAndSetChildDomain (129ms)
		EndReloadAssembly (614ms)
			LoadAssemblies (67ms)
			RebuildTransferFunctionScriptingTraits (0ms)
			SetupTypeCache (191ms)
			ReleaseScriptCaches (1ms)
			RebuildScriptCaches (37ms)
			SetupLoadedEditorAssemblies (291ms)
				LogAssemblyErrors (0ms)
				InitializePlatformSupportModulesInManaged (21ms)
				SetLoadedEditorAssemblies (0ms)
				RefreshPlugins (1ms)
				BeforeProcessingInitializeOnLoad (69ms)
				ProcessInitializeOnLoadAttributes (171ms)
				ProcessInitializeOnLoadMethodAttributes (22ms)
				AfterProcessingInitializeOnLoad (6ms)
				EditorAssembliesLoaded (0ms)
			ExecutionOrderSort2 (0ms)
			AwakeInstancesAfterBackupRestoration (4ms)
Platform modules already initialized, skipping
========================================================================
Worker process is ready to serve import requests
Launched and connected shader compiler UnityShaderCompiler.exe after 0.04 seconds
Refreshing native plugins compatible for Editor in 0.65 ms, found 3 plugins.
Preloading 0 native plugins for Editor in 0.00 ms.
Unloading 3424 Unused Serialized files (Serialized files now loaded: 0)
Unloading 27 unused Assets / (111.1 KB). Loaded Objects now: 3884.
Memory consumption went from 119.4 MB to 119.3 MB.
Total: 2.853100 ms (FindLiveObjects: 0.238800 ms CreateObjectMapping: 0.095700 ms MarkObjects: 2.411700 ms  DeleteObjects: 0.106000 ms)

AssetImportParameters requested are different than current active one (requested -> active):
  custom:video-decoder-ogg-theora: a1e56fd34408186e4bbccfd4996cb3dc -> 
  custom:container-muxer-webm: aa71ff27fc2769a1b78a27578f13a17b -> 
  custom:container-demuxer-webm: 4f35f7cbe854078d1ac9338744f61a02 -> 
  custom:video-encoder-webm-vp8: eb34c28f22e8b96e1ab97ce403110664 -> 
  custom:audio-encoder-webm-vorbis: bf7c407c2cedff20999df2af8eb42d56 -> 
  custom:framework-win-MediaFoundation: 216162199b28c13a410421893ffa2e32 -> 
  custom:container-demuxer-ogg: 62fdf1f143b41e24485cea50d1cbac27 -> 
  custom:video-decoder-webm-vp8: 9c59270c3fd7afecdb556c50c9e8de78 -> 
  custom:audio-decoder-ogg-vorbis: bf7c407c2cedff20999df2af8eb42d56 -> 
========================================================================
Received Import Request.
  Time since last request: 161818.296800 seconds.
  path: Assets/Models/StoreBox.fbx
  artifactKey: Guid(b5d2b2537c0fef749a6f511702aa3ec4) Importer(815301076,1909f56bfc062723c751e8b465ee728b)
Start importing Assets/Models/StoreBox.fbx using Guid(b5d2b2537c0fef749a6f511702aa3ec4) Importer(815301076,1909f56bfc062723c751e8b465ee728b)  -> (artifact id: '0c8917260417e8e8b3e235fec911dde1') in 0.197883 seconds 
========================================================================
Received Prepare
Registering precompiled user dll's ...
Registered in 0.006152 seconds.
Begin MonoManager ReloadAssembly
Symbol file LoadedFromMemory doesn't match image C:\Users\Khajienger\kjtAzurGamesTest\Library\PackageCache\com.unity.visualscripting@1.7.8\Editor\VisualScripting.Core\Dependencies\YamlDotNet\Unity.VisualScripting.YamlDotNet.dll
Symbol file LoadedFromMemory doesn't match image C:\Users\Khajienger\kjtAzurGamesTest\Library\PackageCache\com.unity.visualscripting@1.7.8\Editor\VisualScripting.Core\Dependencies\DotNetZip\Unity.VisualScripting.IonicZip.dll
Native extension for UWP target not found
Native extension for WindowsStandalone target not found
Native extension for iOS target not found
Native extension for Android target not found
Native extension for WebGL target not found
Refreshing native plugins compatible for Editor in 0.54 ms, found 3 plugins.
Preloading 0 native plugins for Editor in 0.00 ms.
Mono: successfully reloaded assembly
- Completed reload, in  0.887 seconds
Domain Reload Profiling:
	ReloadAssembly (888ms)
		BeginReloadAssembly (125ms)
			ExecutionOrderSort (0ms)
			DisableScriptedObjects (4ms)
			BackupInstance (0ms)
			ReleaseScriptingObjects (0ms)
			CreateAndSetChildDomain (38ms)
		EndReloadAssembly (684ms)
			LoadAssemblies (73ms)
			RebuildTransferFunctionScriptingTraits (0ms)
			SetupTypeCache (237ms)
			ReleaseScriptCaches (1ms)
			RebuildScriptCaches (35ms)
			SetupLoadedEditorAssemblies (304ms)
				LogAssemblyErrors (0ms)
				InitializePlatformSupportModulesInManaged (32ms)
				SetLoadedEditorAssemblies (0ms)
				RefreshPlugins (1ms)
				BeforeProcessingInitializeOnLoad (65ms)
				ProcessInitializeOnLoadAttributes (175ms)
				ProcessInitializeOnLoadMethodAttributes (25ms)
				AfterProcessingInitializeOnLoad (7ms)
				EditorAssembliesLoaded (0ms)
			ExecutionOrderSort2 (0ms)
			AwakeInstancesAfterBackupRestoration (6ms)
Platform modules already initialized, skipping
Refreshing native plugins compatible for Editor in 1.81 ms, found 3 plugins.
Preloading 0 native plugins for Editor in 0.00 ms.
Unloading 3406 Unused Serialized files (Serialized files now loaded: 0)
Unloading 20 unused Assets / (78.6 KB). Loaded Objects now: 3897.
Memory consumption went from 122.8 MB to 122.7 MB.
Total: 2.870100 ms (FindLiveObjects: 0.240200 ms CreateObjectMapping: 0.090900 ms MarkObjects: 2.445600 ms  DeleteObjects: 0.092700 ms)

AssetImportParameters requested are different than current active one (requested -> active):
  custom:video-decoder-ogg-theora: a1e56fd34408186e4bbccfd4996cb3dc -> 
  custom:container-muxer-webm: aa71ff27fc2769a1b78a27578f13a17b -> 
  custom:container-demuxer-webm: 4f35f7cbe854078d1ac9338744f61a02 -> 
  custom:video-encoder-webm-vp8: eb34c28f22e8b96e1ab97ce403110664 -> 
  custom:audio-encoder-webm-vorbis: bf7c407c2cedff20999df2af8eb42d56 -> 
  custom:framework-win-MediaFoundation: 216162199b28c13a410421893ffa2e32 -> 
  custom:container-demuxer-ogg: 62fdf1f143b41e24485cea50d1cbac27 -> 
  custom:video-decoder-webm-vp8: 9c59270c3fd7afecdb556c50c9e8de78 -> 
  custom:audio-decoder-ogg-vorbis: bf7c407c2cedff20999df2af8eb42d56 -> 
========================================================================
Received Import Request.
  Time since last request: 9411.144260 seconds.
  path: Assets/Models/StoreBox.fbx
  artifactKey: Guid(b5d2b2537c0fef749a6f511702aa3ec4) Importer(815301076,1909f56bfc062723c751e8b465ee728b)
Start importing Assets/Models/StoreBox.fbx using Guid(b5d2b2537c0fef749a6f511702aa3ec4) Importer(815301076,1909f56bfc062723c751e8b465ee728b)  -> (artifact id: '33ef6fa023e135906feda18c7de2ebf2') in 0.132161 seconds 
========================================================================
Received Import Request.
  Time since last request: 33.347198 seconds.
  path: Assets/Models/Girl_armatured@Talking.fbx
  artifactKey: Guid(1ac08a96c9ee5264abed5d0639e4ed5d) Importer(815301076,1909f56bfc062723c751e8b465ee728b)
Start importing Assets/Models/Girl_armatured@Talking.fbx using Guid(1ac08a96c9ee5264abed5d0639e4ed5d) Importer(815301076,1909f56bfc062723c751e8b465ee728b)  -> (artifact id: '6e029346eacf1189a32664ecff394900') in 0.058069 seconds 
========================================================================
Received Import Request.
  Time since last request: 63.177575 seconds.
  path: Assets/Animations
  artifactKey: Guid(9e0d2a4a68ee9e44ba133f3cd7503a23) Importer(815301076,1909f56bfc062723c751e8b465ee728b)
Start importing Assets/Animations using Guid(9e0d2a4a68ee9e44ba133f3cd7503a23) Importer(815301076,1909f56bfc062723c751e8b465ee728b)  -> (artifact id: 'dca189d623292f1330560edefae6691e') in 0.001330 seconds 
========================================================================
Received Import Request.
  Time since last request: 42.288201 seconds.
  path: Assets/Materials/StoreBox.mat
  artifactKey: Guid(b7b9f6ba48410f4468ca3a22c0ae4b12) Importer(815301076,1909f56bfc062723c751e8b465ee728b)
Start importing Assets/Materials/StoreBox.mat using Guid(b7b9f6ba48410f4468ca3a22c0ae4b12) Importer(815301076,1909f56bfc062723c751e8b465ee728b)  -> (artifact id: 'c3deb618df8446fd9e2973f68a415ea4') in 0.040102 seconds 
========================================================================
Received Import Request.
  Time since last request: 5.624779 seconds.
  path: Assets/Models/Talking.anim
  artifactKey: Guid(27a88ee0886a9c3488d9bc7ce84f0988) Importer(815301076,1909f56bfc062723c751e8b465ee728b)
Start importing Assets/Models/Talking.anim using Guid(27a88ee0886a9c3488d9bc7ce84f0988) Importer(815301076,1909f56bfc062723c751e8b465ee728b)  -> (artifact id: '3be66746e7f743ce348fc27859693f14') in 0.008090 seconds 
========================================================================
Received Import Request.
  Time since last request: 9.143965 seconds.
  path: Assets/Models/GirlTalking.anim
  artifactKey: Guid(27a88ee0886a9c3488d9bc7ce84f0988) Importer(815301076,1909f56bfc062723c751e8b465ee728b)
Start importing Assets/Models/GirlTalking.anim using Guid(27a88ee0886a9c3488d9bc7ce84f0988) Importer(815301076,1909f56bfc062723c751e8b465ee728b)  -> (artifact id: 'a8b7a94005246708fd215e146aedd308') in 0.006888 seconds 
========================================================================
Received Import Request.
  Time since last request: 18.684797 seconds.
  path: Assets/Animations/GirlAnimator.controller
  artifactKey: Guid(9dec4259ba84fe049ac0a7a1948dfa9c) Importer(815301076,1909f56bfc062723c751e8b465ee728b)
Start importing Assets/Animations/GirlAnimator.controller using Guid(9dec4259ba84fe049ac0a7a1948dfa9c) Importer(815301076,1909f56bfc062723c751e8b465ee728b)  -> (artifact id: '2e4cd20338e08437797113a9d37378f2') in 0.005659 seconds 
========================================================================
Received Import Request.
  Time since last request: 40.789257 seconds.
  path: Assets/Animations/GirlTalking.anim
  artifactKey: Guid(27a88ee0886a9c3488d9bc7ce84f0988) Importer(815301076,1909f56bfc062723c751e8b465ee728b)
Start importing Assets/Animations/GirlTalking.anim using Guid(27a88ee0886a9c3488d9bc7ce84f0988) Importer(815301076,1909f56bfc062723c751e8b465ee728b)  -> (artifact id: 'ecac653e1f2be1cbf045d4830846470a') in 0.007160 seconds 
========================================================================
Received Import Request.
  Time since last request: 2.758487 seconds.
  path: Assets/Animations/GirlAnimator.controller
  artifactKey: Guid(9dec4259ba84fe049ac0a7a1948dfa9c) Importer(815301076,1909f56bfc062723c751e8b465ee728b)
Start importing Assets/Animations/GirlAnimator.controller using Guid(9dec4259ba84fe049ac0a7a1948dfa9c) Importer(815301076,1909f56bfc062723c751e8b465ee728b)  -> (artifact id: '61208aeaa96d8a2f49cb9bc6c358d676') in 0.004856 seconds 
