Using pre-set license
Built from '2021.3/staging' branch; Version is '2021.3.8f1 (b30333d56e81) revision 11731763'; Using compiler version '192829333'; Build Type 'Release'
OS: 'Windows 10  (10.0.19044) 64bit Professional' Language: 'ru' Physical Memory: 32126 MB
BatchMode: 1, IsHumanControllingUs: 0, StartBugReporterOnCrash: 0, Is64bit: 1, IsPro: 1

COMMAND LINE ARGUMENTS:
C:\Unity\Hub\Editor\2021.3.8f1\Editor\Unity.exe
-adb2
-batchMode
-noUpm
-name
AssetImportWorker0
-projectPath
C:/Users/Khajienger/kjtAzurGamesTest
-logFile
Logs/AssetImportWorker0.log
-srvPort
49303
Successfully changed project path to: C:/Users/Khajienger/kjtAzurGamesTest
C:/Users/Khajienger/kjtAzurGamesTest
[UnityMemory] Configuration Parameters - Can be set up in boot.config
    "memorysetup-bucket-allocator-granularity=16"
    "memorysetup-bucket-allocator-bucket-count=8"
    "memorysetup-bucket-allocator-block-size=33554432"
    "memorysetup-bucket-allocator-block-count=8"
    "memorysetup-main-allocator-block-size=16777216"
    "memorysetup-thread-allocator-block-size=16777216"
    "memorysetup-gfx-main-allocator-block-size=16777216"
    "memorysetup-gfx-thread-allocator-block-size=16777216"
    "memorysetup-cache-allocator-block-size=4194304"
    "memorysetup-typetree-allocator-block-size=2097152"
    "memorysetup-profiler-bucket-allocator-granularity=16"
    "memorysetup-profiler-bucket-allocator-bucket-count=8"
    "memorysetup-profiler-bucket-allocator-block-size=33554432"
    "memorysetup-profiler-bucket-allocator-block-count=8"
    "memorysetup-profiler-allocator-block-size=16777216"
    "memorysetup-profiler-editor-allocator-block-size=1048576"
    "memorysetup-temp-allocator-size-main=16777216"
    "memorysetup-job-temp-allocator-block-size=2097152"
    "memorysetup-job-temp-allocator-block-size-background=1048576"
    "memorysetup-job-temp-allocator-reduction-small-platforms=262144"
    "memorysetup-temp-allocator-size-background-worker=32768"
    "memorysetup-temp-allocator-size-job-worker=262144"
    "memorysetup-temp-allocator-size-preload-manager=33554432"
    "memorysetup-temp-allocator-size-nav-mesh-worker=65536"
    "memorysetup-temp-allocator-size-audio-worker=65536"
    "memorysetup-temp-allocator-size-cloud-worker=32768"
    "memorysetup-temp-allocator-size-gi-baking-worker=262144"
    "memorysetup-temp-allocator-size-gfx=262144"
Refreshing native plugins compatible for Editor in 69.58 ms, found 3 plugins.
Preloading 0 native plugins for Editor in 0.00 ms.
Initialize engine version: 2021.3.8f1 (b30333d56e81)
[Subsystems] Discovering subsystems at path C:/Unity/Hub/Editor/2021.3.8f1/Editor/Data/Resources/UnitySubsystems
[Subsystems] Discovering subsystems at path C:/Users/Khajienger/kjtAzurGamesTest/Assets
GfxDevice: creating device client; threaded=0; jobified=0
Direct3D:
    Version:  Direct3D 11.0 [level 11.1]
    Renderer: NVIDIA GeForce GTX 950 (ID=0x1402)
    Vendor:   NVIDIA
    VRAM:     2002 MB
    Driver:   31.0.15.3141
Initialize mono
Mono path[0] = 'C:/Unity/Hub/Editor/2021.3.8f1/Editor/Data/Managed'
Mono path[1] = 'C:/Unity/Hub/Editor/2021.3.8f1/Editor/Data/MonoBleedingEdge/lib/mono/unityjit-win32'
Mono config path = 'C:/Unity/Hub/Editor/2021.3.8f1/Editor/Data/MonoBleedingEdge/etc'
Using monoOptions --debugger-agent=transport=dt_socket,embedding=1,server=y,suspend=n,address=127.0.0.1:56204
Begin MonoManager ReloadAssembly
Registering precompiled unity dll's ...
Register platform support module: C:/Unity/Hub/Editor/2021.3.8f1/Editor/Data/PlaybackEngines/WebGLSupport/UnityEditor.WebGL.Extensions.dll
Register platform support module: C:/Unity/Hub/Editor/2021.3.8f1/Editor/Data/PlaybackEngines/AndroidPlayer/UnityEditor.Android.Extensions.dll
Register platform support module: C:/Unity/Hub/Editor/2021.3.8f1/Editor/Data/PlaybackEngines/iOSSupport/UnityEditor.iOS.Extensions.dll
Register platform support module: C:/Unity/Hub/Editor/2021.3.8f1/Editor/Data/PlaybackEngines/WindowsStandaloneSupport/UnityEditor.WindowsStandalone.Extensions.dll
Register platform support module: C:/Unity/Hub/Editor/2021.3.8f1/Editor/Data/PlaybackEngines/MetroSupport/UnityEditor.UWP.Extensions.dll
Registered in 0.007504 seconds.
Native extension for UWP target not found
Native extension for WindowsStandalone target not found
[usbmuxd] Start listen thread
[usbmuxd] Listen thread started
Native extension for iOS target not found
Native extension for Android target not found
Native extension for WebGL target not found
Refreshing native plugins compatible for Editor in 67.85 ms, found 3 plugins.
Preloading 0 native plugins for Editor in 0.00 ms.
Mono: successfully reloaded assembly
- Completed reload, in  0.541 seconds
Domain Reload Profiling:
	ReloadAssembly (541ms)
		BeginReloadAssembly (62ms)
			ExecutionOrderSort (0ms)
			DisableScriptedObjects (0ms)
			BackupInstance (0ms)
			ReleaseScriptingObjects (0ms)
			CreateAndSetChildDomain (1ms)
		EndReloadAssembly (388ms)
			LoadAssemblies (62ms)
			RebuildTransferFunctionScriptingTraits (0ms)
			SetupTypeCache (85ms)
			ReleaseScriptCaches (0ms)
			RebuildScriptCaches (22ms)
			SetupLoadedEditorAssemblies (239ms)
				LogAssemblyErrors (0ms)
				InitializePlatformSupportModulesInManaged (58ms)
				SetLoadedEditorAssemblies (1ms)
				RefreshPlugins (68ms)
				BeforeProcessingInitializeOnLoad (1ms)
				ProcessInitializeOnLoadAttributes (75ms)
				ProcessInitializeOnLoadMethodAttributes (36ms)
				AfterProcessingInitializeOnLoad (0ms)
				EditorAssembliesLoaded (0ms)
			ExecutionOrderSort2 (0ms)
			AwakeInstancesAfterBackupRestoration (0ms)
Platform modules already initialized, skipping
Registering precompiled user dll's ...
Registered in 0.005128 seconds.
Begin MonoManager ReloadAssembly
Symbol file LoadedFromMemory doesn't match image C:\Users\Khajienger\kjtAzurGamesTest\Library\PackageCache\com.unity.visualscripting@1.7.8\Editor\VisualScripting.Core\Dependencies\YamlDotNet\Unity.VisualScripting.YamlDotNet.dll
Symbol file LoadedFromMemory doesn't match image C:\Users\Khajienger\kjtAzurGamesTest\Library\PackageCache\com.unity.visualscripting@1.7.8\Editor\VisualScripting.Core\Dependencies\DotNetZip\Unity.VisualScripting.IonicZip.dll
Native extension for UWP target not found
Native extension for WindowsStandalone target not found
Native extension for iOS target not found
Native extension for Android target not found
Native extension for WebGL target not found
Refreshing native plugins compatible for Editor in 1.04 ms, found 3 plugins.
Preloading 0 native plugins for Editor in 0.00 ms.
Mono: successfully reloaded assembly
- Completed reload, in  0.937 seconds
Domain Reload Profiling:
	ReloadAssembly (938ms)
		BeginReloadAssembly (197ms)
			ExecutionOrderSort (0ms)
			DisableScriptedObjects (5ms)
			BackupInstance (0ms)
			ReleaseScriptingObjects (0ms)
			CreateAndSetChildDomain (128ms)
		EndReloadAssembly (652ms)
			LoadAssemblies (65ms)
			RebuildTransferFunctionScriptingTraits (0ms)
			SetupTypeCache (190ms)
			ReleaseScriptCaches (1ms)
			RebuildScriptCaches (39ms)
			SetupLoadedEditorAssemblies (313ms)
				LogAssemblyErrors (0ms)
				InitializePlatformSupportModulesInManaged (30ms)
				SetLoadedEditorAssemblies (0ms)
				RefreshPlugins (1ms)
				BeforeProcessingInitializeOnLoad (78ms)
				ProcessInitializeOnLoadAttributes (174ms)
				ProcessInitializeOnLoadMethodAttributes (23ms)
				AfterProcessingInitializeOnLoad (6ms)
				EditorAssembliesLoaded (0ms)
			ExecutionOrderSort2 (0ms)
			AwakeInstancesAfterBackupRestoration (5ms)
Platform modules already initialized, skipping
========================================================================
Worker process is ready to serve import requests
Launched and connected shader compiler UnityShaderCompiler.exe after 0.04 seconds
Refreshing native plugins compatible for Editor in 0.69 ms, found 3 plugins.
Preloading 0 native plugins for Editor in 0.00 ms.
Unloading 3424 Unused Serialized files (Serialized files now loaded: 0)
Unloading 27 unused Assets / (111.1 KB). Loaded Objects now: 3884.
Memory consumption went from 119.4 MB to 119.3 MB.
Total: 2.690100 ms (FindLiveObjects: 0.256300 ms CreateObjectMapping: 0.086000 ms MarkObjects: 2.245900 ms  DeleteObjects: 0.101200 ms)

AssetImportParameters requested are different than current active one (requested -> active):
  custom:video-decoder-ogg-theora: a1e56fd34408186e4bbccfd4996cb3dc -> 
  custom:container-muxer-webm: aa71ff27fc2769a1b78a27578f13a17b -> 
  custom:container-demuxer-webm: 4f35f7cbe854078d1ac9338744f61a02 -> 
  custom:video-encoder-webm-vp8: eb34c28f22e8b96e1ab97ce403110664 -> 
  custom:audio-encoder-webm-vorbis: bf7c407c2cedff20999df2af8eb42d56 -> 
  custom:framework-win-MediaFoundation: 216162199b28c13a410421893ffa2e32 -> 
  custom:container-demuxer-ogg: 62fdf1f143b41e24485cea50d1cbac27 -> 
  custom:video-decoder-webm-vp8: 9c59270c3fd7afecdb556c50c9e8de78 -> 
  custom:audio-decoder-ogg-vorbis: bf7c407c2cedff20999df2af8eb42d56 -> 
========================================================================
Received Import Request.
  Time since last request: 112485.796727 seconds.
  path: Assets/Models/Refrigirator.fbx
  artifactKey: Guid(59b6b53740ac2a1409d14a25ec44a4cf) Importer(815301076,1909f56bfc062723c751e8b465ee728b)
Start importing Assets/Models/Refrigirator.fbx using Guid(59b6b53740ac2a1409d14a25ec44a4cf) Importer(815301076,1909f56bfc062723c751e8b465ee728b)  -> (artifact id: '7ed6c1afbfe2360b284334507cb72bd9') in 0.187222 seconds 
========================================================================
Received Import Request.
  Time since last request: 26.061773 seconds.
  path: Assets/Models/Refrigirator.fbx
  artifactKey: Guid(59b6b53740ac2a1409d14a25ec44a4cf) Importer(815301076,1909f56bfc062723c751e8b465ee728b)
Start importing Assets/Models/Refrigirator.fbx using Guid(59b6b53740ac2a1409d14a25ec44a4cf) Importer(815301076,1909f56bfc062723c751e8b465ee728b)  -> (artifact id: 'ece8c39f97c79d7cea232ac040c2f463') in 0.077078 seconds 
========================================================================
Received Import Request.
  Time since last request: 73.097700 seconds.
  path: Assets/Materials/Jar.mat
  artifactKey: Guid(8545dc56f3e4fdd4a8b793c689e9a41c) Importer(815301076,1909f56bfc062723c751e8b465ee728b)
Start importing Assets/Materials/Jar.mat using Guid(8545dc56f3e4fdd4a8b793c689e9a41c) Importer(815301076,1909f56bfc062723c751e8b465ee728b)  -> (artifact id: '2d48200d0f3a40ff109b7394b2e2baff') in 0.016078 seconds 
========================================================================
Received Import Request.
  Time since last request: 364.743357 seconds.
  path: Assets/Models/Refrigirator.fbx
  artifactKey: Guid(59b6b53740ac2a1409d14a25ec44a4cf) Importer(815301076,1909f56bfc062723c751e8b465ee728b)
Start importing Assets/Models/Refrigirator.fbx using Guid(59b6b53740ac2a1409d14a25ec44a4cf) Importer(815301076,1909f56bfc062723c751e8b465ee728b)  -> (artifact id: '5a9f97d9dc5fa0b1a40a9c550b3e051a') in 0.043135 seconds 
========================================================================
Received Import Request.
  Time since last request: 6.065925 seconds.
  path: Assets/Models/Refrigirator.fbx
  artifactKey: Guid(59b6b53740ac2a1409d14a25ec44a4cf) Importer(815301076,1909f56bfc062723c751e8b465ee728b)
Start importing Assets/Models/Refrigirator.fbx using Guid(59b6b53740ac2a1409d14a25ec44a4cf) Importer(815301076,1909f56bfc062723c751e8b465ee728b)  -> (artifact id: '9fce99a1d240d09a58b3d8934c979406') in 0.057177 seconds 
========================================================================
Received Import Request.
  Time since last request: 20.549304 seconds.
  path: Assets/Models/Refrigirator.fbx
  artifactKey: Guid(59b6b53740ac2a1409d14a25ec44a4cf) Importer(815301076,1909f56bfc062723c751e8b465ee728b)
Start importing Assets/Models/Refrigirator.fbx using Guid(59b6b53740ac2a1409d14a25ec44a4cf) Importer(815301076,1909f56bfc062723c751e8b465ee728b)  -> (artifact id: 'f524504b38bb7efa5a15c40083b0e126') in 0.043984 seconds 
========================================================================
Received Import Request.
  Time since last request: 20196.960076 seconds.
  path: Assets/Models/Refrigirator.fbx
  artifactKey: Guid(59b6b53740ac2a1409d14a25ec44a4cf) Importer(815301076,1909f56bfc062723c751e8b465ee728b)
Start importing Assets/Models/Refrigirator.fbx using Guid(59b6b53740ac2a1409d14a25ec44a4cf) Importer(815301076,1909f56bfc062723c751e8b465ee728b)  -> (artifact id: '78c0b69d64f358b760cec0b819dbc9d4') in 0.047599 seconds 
========================================================================
Received Import Request.
  Time since last request: 14.455212 seconds.
  path: Assets/Models/Refrigirator.fbx
  artifactKey: Guid(59b6b53740ac2a1409d14a25ec44a4cf) Importer(815301076,1909f56bfc062723c751e8b465ee728b)
Start importing Assets/Models/Refrigirator.fbx using Guid(59b6b53740ac2a1409d14a25ec44a4cf) Importer(815301076,1909f56bfc062723c751e8b465ee728b)  -> (artifact id: '3f954f038807d0b8d2dee5bda4c71929') in 0.053344 seconds 
========================================================================
Received Import Request.
  Time since last request: 4285.286745 seconds.
  path: Assets/Materials/Textures/Refrigator_albedo.tga
  artifactKey: Guid(6406738a692eafb4bb8a43ff8d662b76) Importer(815301076,1909f56bfc062723c751e8b465ee728b)
Start importing Assets/Materials/Textures/Refrigator_albedo.tga using Guid(6406738a692eafb4bb8a43ff8d662b76) Importer(815301076,1909f56bfc062723c751e8b465ee728b)  -> (artifact id: '98b5726b66c0eb8edc430696037a2b5a') in 0.016760 seconds 
========================================================================
Received Import Request.
  Time since last request: 10.893800 seconds.
  path: Assets/Materials/Textures/Refrigator_albedo 1.tga
  artifactKey: Guid(ae2cc616b047d7a4ba837563712c3134) Importer(815301076,1909f56bfc062723c751e8b465ee728b)
Start importing Assets/Materials/Textures/Refrigator_albedo 1.tga using Guid(ae2cc616b047d7a4ba837563712c3134) Importer(815301076,1909f56bfc062723c751e8b465ee728b)  -> (artifact id: '91ad4ffec1c3e7fb80b78c4b63d771d2') in 0.018779 seconds 
========================================================================
Received Import Request.
  Time since last request: 1.571560 seconds.
  path: Assets/Materials/Jar.mat
  artifactKey: Guid(8545dc56f3e4fdd4a8b793c689e9a41c) Importer(815301076,1909f56bfc062723c751e8b465ee728b)
Start importing Assets/Materials/Jar.mat using Guid(8545dc56f3e4fdd4a8b793c689e9a41c) Importer(815301076,1909f56bfc062723c751e8b465ee728b)  -> (artifact id: 'cd856a6b648a024dd23e179a6be2905a') in 0.006271 seconds 
========================================================================
Received Import Request.
  Time since last request: 15.763555 seconds.
  path: Assets/Materials/Textures/Refrigator_albedo.tga
  artifactKey: Guid(6406738a692eafb4bb8a43ff8d662b76) Importer(815301076,1909f56bfc062723c751e8b465ee728b)
Start importing Assets/Materials/Textures/Refrigator_albedo.tga using Guid(6406738a692eafb4bb8a43ff8d662b76) Importer(815301076,1909f56bfc062723c751e8b465ee728b)  -> (artifact id: '3d3ecd948877f3c01405f0d3688035dc') in 0.024195 seconds 
========================================================================
Received Import Request.
  Time since last request: 4.059821 seconds.
  path: Assets/Materials/Refrigator.mat
  artifactKey: Guid(1ef70ed51fde24c4d9a06c3af89768d0) Importer(815301076,1909f56bfc062723c751e8b465ee728b)
Start importing Assets/Materials/Refrigator.mat using Guid(1ef70ed51fde24c4d9a06c3af89768d0) Importer(815301076,1909f56bfc062723c751e8b465ee728b)  -> (artifact id: '45d1c404c2bd885c97be46456a995ae0') in 0.013211 seconds 
========================================================================
Received Import Request.
  Time since last request: 30.032938 seconds.
  path: Assets/Models/Refrigirator.fbx
  artifactKey: Guid(59b6b53740ac2a1409d14a25ec44a4cf) Importer(815301076,1909f56bfc062723c751e8b465ee728b)
Start importing Assets/Models/Refrigirator.fbx using Guid(59b6b53740ac2a1409d14a25ec44a4cf) Importer(815301076,1909f56bfc062723c751e8b465ee728b)  -> (artifact id: '38c29c168dfcf9b19e91cdef2b97da46') in 0.063726 seconds 
========================================================================
Received Import Request.
  Time since last request: 80.227068 seconds.
  path: Assets/Models/Refrigirator.fbx
  artifactKey: Guid(59b6b53740ac2a1409d14a25ec44a4cf) Importer(815301076,1909f56bfc062723c751e8b465ee728b)
Start importing Assets/Models/Refrigirator.fbx using Guid(59b6b53740ac2a1409d14a25ec44a4cf) Importer(815301076,1909f56bfc062723c751e8b465ee728b)  -> (artifact id: '81b3e23b9d669993f76b9c97458b764d') in 0.051724 seconds 
========================================================================
Received Import Request.
  Time since last request: 6.940929 seconds.
  path: Assets/Models/Refrigirator.fbx
  artifactKey: Guid(59b6b53740ac2a1409d14a25ec44a4cf) Importer(815301076,1909f56bfc062723c751e8b465ee728b)
Start importing Assets/Models/Refrigirator.fbx using Guid(59b6b53740ac2a1409d14a25ec44a4cf) Importer(815301076,1909f56bfc062723c751e8b465ee728b)  -> (artifact id: 'a1c36241a6361242b0d8ee2a6700b426') in 0.044953 seconds 
