Using pre-set license
Built from '2021.3/staging' branch; Version is '2021.3.8f1 (b30333d56e81) revision 11731763'; Using compiler version '192829333'; Build Type 'Release'
OS: 'Windows 10  (10.0.19044) 64bit Professional' Language: 'ru' Physical Memory: 32126 MB
BatchMode: 1, IsHumanControllingUs: 0, StartBugReporterOnCrash: 0, Is64bit: 1, IsPro: 1

COMMAND LINE ARGUMENTS:
C:\Unity\Hub\Editor\2021.3.8f1\Editor\Unity.exe
-adb2
-batchMode
-noUpm
-name
AssetImportWorker0
-projectPath
C:/Users/Khajienger/kjtAzurGamesTest
-logFile
Logs/AssetImportWorker0.log
-srvPort
53524
Successfully changed project path to: C:/Users/Khajienger/kjtAzurGamesTest
C:/Users/Khajienger/kjtAzurGamesTest
[UnityMemory] Configuration Parameters - Can be set up in boot.config
    "memorysetup-bucket-allocator-granularity=16"
    "memorysetup-bucket-allocator-bucket-count=8"
    "memorysetup-bucket-allocator-block-size=33554432"
    "memorysetup-bucket-allocator-block-count=8"
    "memorysetup-main-allocator-block-size=16777216"
    "memorysetup-thread-allocator-block-size=16777216"
    "memorysetup-gfx-main-allocator-block-size=16777216"
    "memorysetup-gfx-thread-allocator-block-size=16777216"
    "memorysetup-cache-allocator-block-size=4194304"
    "memorysetup-typetree-allocator-block-size=2097152"
    "memorysetup-profiler-bucket-allocator-granularity=16"
    "memorysetup-profiler-bucket-allocator-bucket-count=8"
    "memorysetup-profiler-bucket-allocator-block-size=33554432"
    "memorysetup-profiler-bucket-allocator-block-count=8"
    "memorysetup-profiler-allocator-block-size=16777216"
    "memorysetup-profiler-editor-allocator-block-size=1048576"
    "memorysetup-temp-allocator-size-main=16777216"
    "memorysetup-job-temp-allocator-block-size=2097152"
    "memorysetup-job-temp-allocator-block-size-background=1048576"
    "memorysetup-job-temp-allocator-reduction-small-platforms=262144"
    "memorysetup-temp-allocator-size-background-worker=32768"
    "memorysetup-temp-allocator-size-job-worker=262144"
    "memorysetup-temp-allocator-size-preload-manager=33554432"
    "memorysetup-temp-allocator-size-nav-mesh-worker=65536"
    "memorysetup-temp-allocator-size-audio-worker=65536"
    "memorysetup-temp-allocator-size-cloud-worker=32768"
    "memorysetup-temp-allocator-size-gi-baking-worker=262144"
    "memorysetup-temp-allocator-size-gfx=262144"
Refreshing native plugins compatible for Editor in 68.26 ms, found 3 plugins.
Preloading 0 native plugins for Editor in 0.00 ms.
Initialize engine version: 2021.3.8f1 (b30333d56e81)
[Subsystems] Discovering subsystems at path C:/Unity/Hub/Editor/2021.3.8f1/Editor/Data/Resources/UnitySubsystems
[Subsystems] Discovering subsystems at path C:/Users/Khajienger/kjtAzurGamesTest/Assets
GfxDevice: creating device client; threaded=0; jobified=0
Direct3D:
    Version:  Direct3D 11.0 [level 11.1]
    Renderer: NVIDIA GeForce GTX 950 (ID=0x1402)
    Vendor:   NVIDIA
    VRAM:     2002 MB
    Driver:   31.0.15.3141
Initialize mono
Mono path[0] = 'C:/Unity/Hub/Editor/2021.3.8f1/Editor/Data/Managed'
Mono path[1] = 'C:/Unity/Hub/Editor/2021.3.8f1/Editor/Data/MonoBleedingEdge/lib/mono/unityjit-win32'
Mono config path = 'C:/Unity/Hub/Editor/2021.3.8f1/Editor/Data/MonoBleedingEdge/etc'
Using monoOptions --debugger-agent=transport=dt_socket,embedding=1,server=y,suspend=n,address=127.0.0.1:56668
Begin MonoManager ReloadAssembly
Registering precompiled unity dll's ...
Register platform support module: C:/Unity/Hub/Editor/2021.3.8f1/Editor/Data/PlaybackEngines/WebGLSupport/UnityEditor.WebGL.Extensions.dll
Register platform support module: C:/Unity/Hub/Editor/2021.3.8f1/Editor/Data/PlaybackEngines/AndroidPlayer/UnityEditor.Android.Extensions.dll
Register platform support module: C:/Unity/Hub/Editor/2021.3.8f1/Editor/Data/PlaybackEngines/iOSSupport/UnityEditor.iOS.Extensions.dll
Register platform support module: C:/Unity/Hub/Editor/2021.3.8f1/Editor/Data/PlaybackEngines/WindowsStandaloneSupport/UnityEditor.WindowsStandalone.Extensions.dll
Register platform support module: C:/Unity/Hub/Editor/2021.3.8f1/Editor/Data/PlaybackEngines/MetroSupport/UnityEditor.UWP.Extensions.dll
Registered in 0.007858 seconds.
Native extension for UWP target not found
Native extension for WindowsStandalone target not found
[usbmuxd] Start listen thread
[usbmuxd] Listen thread started
Native extension for iOS target not found
Native extension for Android target not found
Native extension for WebGL target not found
Refreshing native plugins compatible for Editor in 68.03 ms, found 3 plugins.
Preloading 0 native plugins for Editor in 0.00 ms.
Mono: successfully reloaded assembly
- Completed reload, in  0.525 seconds
Domain Reload Profiling:
	ReloadAssembly (525ms)
		BeginReloadAssembly (62ms)
			ExecutionOrderSort (0ms)
			DisableScriptedObjects (0ms)
			BackupInstance (0ms)
			ReleaseScriptingObjects (0ms)
			CreateAndSetChildDomain (1ms)
		EndReloadAssembly (375ms)
			LoadAssemblies (61ms)
			RebuildTransferFunctionScriptingTraits (0ms)
			SetupTypeCache (80ms)
			ReleaseScriptCaches (0ms)
			RebuildScriptCaches (20ms)
			SetupLoadedEditorAssemblies (234ms)
				LogAssemblyErrors (0ms)
				InitializePlatformSupportModulesInManaged (54ms)
				SetLoadedEditorAssemblies (0ms)
				RefreshPlugins (68ms)
				BeforeProcessingInitializeOnLoad (1ms)
				ProcessInitializeOnLoadAttributes (75ms)
				ProcessInitializeOnLoadMethodAttributes (36ms)
				AfterProcessingInitializeOnLoad (0ms)
				EditorAssembliesLoaded (0ms)
			ExecutionOrderSort2 (0ms)
			AwakeInstancesAfterBackupRestoration (0ms)
Platform modules already initialized, skipping
Registering precompiled user dll's ...
Registered in 0.005063 seconds.
Begin MonoManager ReloadAssembly
Symbol file LoadedFromMemory doesn't match image C:\Users\Khajienger\kjtAzurGamesTest\Library\PackageCache\com.unity.visualscripting@1.7.8\Editor\VisualScripting.Core\Dependencies\YamlDotNet\Unity.VisualScripting.YamlDotNet.dll
Symbol file LoadedFromMemory doesn't match image C:\Users\Khajienger\kjtAzurGamesTest\Library\PackageCache\com.unity.visualscripting@1.7.8\Editor\VisualScripting.Core\Dependencies\DotNetZip\Unity.VisualScripting.IonicZip.dll
Native extension for UWP target not found
Native extension for WindowsStandalone target not found
Native extension for iOS target not found
Native extension for Android target not found
Native extension for WebGL target not found
Refreshing native plugins compatible for Editor in 0.67 ms, found 3 plugins.
Preloading 0 native plugins for Editor in 0.00 ms.
Mono: successfully reloaded assembly
- Completed reload, in  0.925 seconds
Domain Reload Profiling:
	ReloadAssembly (926ms)
		BeginReloadAssembly (202ms)
			ExecutionOrderSort (0ms)
			DisableScriptedObjects (5ms)
			BackupInstance (0ms)
			ReleaseScriptingObjects (0ms)
			CreateAndSetChildDomain (132ms)
		EndReloadAssembly (632ms)
			LoadAssemblies (65ms)
			RebuildTransferFunctionScriptingTraits (0ms)
			SetupTypeCache (200ms)
			ReleaseScriptCaches (1ms)
			RebuildScriptCaches (38ms)
			SetupLoadedEditorAssemblies (298ms)
				LogAssemblyErrors (0ms)
				InitializePlatformSupportModulesInManaged (22ms)
				SetLoadedEditorAssemblies (0ms)
				RefreshPlugins (1ms)
				BeforeProcessingInitializeOnLoad (72ms)
				ProcessInitializeOnLoadAttributes (174ms)
				ProcessInitializeOnLoadMethodAttributes (23ms)
				AfterProcessingInitializeOnLoad (6ms)
				EditorAssembliesLoaded (0ms)
			ExecutionOrderSort2 (0ms)
			AwakeInstancesAfterBackupRestoration (5ms)
Platform modules already initialized, skipping
========================================================================
Worker process is ready to serve import requests
Launched and connected shader compiler UnityShaderCompiler.exe after 0.04 seconds
Refreshing native plugins compatible for Editor in 0.50 ms, found 3 plugins.
Preloading 0 native plugins for Editor in 0.00 ms.
Unloading 3424 Unused Serialized files (Serialized files now loaded: 0)
Unloading 27 unused Assets / (111.1 KB). Loaded Objects now: 3884.
Memory consumption went from 119.4 MB to 119.3 MB.
Total: 2.765700 ms (FindLiveObjects: 0.255600 ms CreateObjectMapping: 0.095800 ms MarkObjects: 2.298800 ms  DeleteObjects: 0.114300 ms)

AssetImportParameters requested are different than current active one (requested -> active):
  custom:video-decoder-ogg-theora: a1e56fd34408186e4bbccfd4996cb3dc -> 
  custom:container-muxer-webm: aa71ff27fc2769a1b78a27578f13a17b -> 
  custom:container-demuxer-webm: 4f35f7cbe854078d1ac9338744f61a02 -> 
  custom:video-encoder-webm-vp8: eb34c28f22e8b96e1ab97ce403110664 -> 
  custom:audio-encoder-webm-vorbis: bf7c407c2cedff20999df2af8eb42d56 -> 
  custom:framework-win-MediaFoundation: 216162199b28c13a410421893ffa2e32 -> 
  custom:container-demuxer-ogg: 62fdf1f143b41e24485cea50d1cbac27 -> 
  custom:video-decoder-webm-vp8: 9c59270c3fd7afecdb556c50c9e8de78 -> 
  custom:audio-decoder-ogg-vorbis: bf7c407c2cedff20999df2af8eb42d56 -> 
========================================================================
Received Import Request.
  Time since last request: 138555.592602 seconds.
  path: Assets/Models/Refrigirator.fbx
  artifactKey: Guid(59b6b53740ac2a1409d14a25ec44a4cf) Importer(815301076,1909f56bfc062723c751e8b465ee728b)
Start importing Assets/Models/Refrigirator.fbx using Guid(59b6b53740ac2a1409d14a25ec44a4cf) Importer(815301076,1909f56bfc062723c751e8b465ee728b)  -> (artifact id: '047ff3828abcb26d6e5210b7c9da0dea') in 0.195206 seconds 
========================================================================
Received Import Request.
  Time since last request: 5.845113 seconds.
  path: Assets/Materials/Refrigator 1.mat
  artifactKey: Guid(f6722a7a37660f74eb7973c178f82e42) Importer(815301076,1909f56bfc062723c751e8b465ee728b)
Start importing Assets/Materials/Refrigator 1.mat using Guid(f6722a7a37660f74eb7973c178f82e42) Importer(815301076,1909f56bfc062723c751e8b465ee728b)  -> (artifact id: 'd5c487de3bbb6b808f16630f7961440b') in 0.023095 seconds 
========================================================================
Received Import Request.
  Time since last request: 8.810033 seconds.
  path: Assets/Materials/RefrigatorAlpha.mat
  artifactKey: Guid(f6722a7a37660f74eb7973c178f82e42) Importer(815301076,1909f56bfc062723c751e8b465ee728b)
Start importing Assets/Materials/RefrigatorAlpha.mat using Guid(f6722a7a37660f74eb7973c178f82e42) Importer(815301076,1909f56bfc062723c751e8b465ee728b)  -> (artifact id: 'cdad430525b7feb4c2abca33e8a0afed') in 0.020434 seconds 
========================================================================
Received Import Request.
  Time since last request: 19.852290 seconds.
  path: Assets/Models/Refrigirator.fbx
  artifactKey: Guid(59b6b53740ac2a1409d14a25ec44a4cf) Importer(815301076,1909f56bfc062723c751e8b465ee728b)
Start importing Assets/Models/Refrigirator.fbx using Guid(59b6b53740ac2a1409d14a25ec44a4cf) Importer(815301076,1909f56bfc062723c751e8b465ee728b)  -> (artifact id: 'b246bb51ccdb4c4b86e3e9b50dbe7001') in 0.052932 seconds 
========================================================================
Received Import Request.
  Time since last request: 35.089071 seconds.
  path: Assets/Models/Refrigirator.fbx
  artifactKey: Guid(59b6b53740ac2a1409d14a25ec44a4cf) Importer(815301076,1909f56bfc062723c751e8b465ee728b)
Start importing Assets/Models/Refrigirator.fbx using Guid(59b6b53740ac2a1409d14a25ec44a4cf) Importer(815301076,1909f56bfc062723c751e8b465ee728b)  -> (artifact id: '707896a6fa0476c28bcbda21398c2c28') in 0.054089 seconds 
========================================================================
Received Import Request.
  Time since last request: 12538.670455 seconds.
  path: Assets/Models/StoreBox.fbx
  artifactKey: Guid(b5d2b2537c0fef749a6f511702aa3ec4) Importer(815301076,1909f56bfc062723c751e8b465ee728b)
Start importing Assets/Models/StoreBox.fbx using Guid(b5d2b2537c0fef749a6f511702aa3ec4) Importer(815301076,1909f56bfc062723c751e8b465ee728b)  -> (artifact id: 'a58abd2342f69900b3f6bdd326c4a489') in 0.058050 seconds 
========================================================================
Received Import Request.
  Time since last request: 148.832900 seconds.
  path: Assets/Models/StoreBox.fbx
  artifactKey: Guid(b5d2b2537c0fef749a6f511702aa3ec4) Importer(815301076,1909f56bfc062723c751e8b465ee728b)
Start importing Assets/Models/StoreBox.fbx using Guid(b5d2b2537c0fef749a6f511702aa3ec4) Importer(815301076,1909f56bfc062723c751e8b465ee728b)  -> (artifact id: '43f0396150096de3ad43fa2abd1eecdb') in 0.049306 seconds 
========================================================================
Received Import Request.
  Time since last request: 626.486791 seconds.
  path: Assets/Models/StoreBox.fbx
  artifactKey: Guid(b5d2b2537c0fef749a6f511702aa3ec4) Importer(815301076,1909f56bfc062723c751e8b465ee728b)
Start importing Assets/Models/StoreBox.fbx using Guid(b5d2b2537c0fef749a6f511702aa3ec4) Importer(815301076,1909f56bfc062723c751e8b465ee728b)  -> (artifact id: '4697e743e66a7f021462264b43709eeb') in 0.050164 seconds 
========================================================================
Received Import Request.
  Time since last request: 69.561968 seconds.
  path: Assets/Materials/Refrigator.mat
  artifactKey: Guid(1ef70ed51fde24c4d9a06c3af89768d0) Importer(815301076,1909f56bfc062723c751e8b465ee728b)
Start importing Assets/Materials/Refrigator.mat using Guid(1ef70ed51fde24c4d9a06c3af89768d0) Importer(815301076,1909f56bfc062723c751e8b465ee728b)  -> (artifact id: 'e4ed6ec484920cd48552a3a79fb72455') in 0.017767 seconds 
========================================================================
Received Import Request.
  Time since last request: 10.306622 seconds.
  path: Assets/Materials/StoreBox.mat
  artifactKey: Guid(b7b9f6ba48410f4468ca3a22c0ae4b12) Importer(815301076,1909f56bfc062723c751e8b465ee728b)
Start importing Assets/Materials/StoreBox.mat using Guid(b7b9f6ba48410f4468ca3a22c0ae4b12) Importer(815301076,1909f56bfc062723c751e8b465ee728b)  -> (artifact id: '6e3765cb078031963ed8627e7ef16c93') in 0.009311 seconds 
========================================================================
Received Import Request.
  Time since last request: 202.691007 seconds.
  path: Assets/Materials/Textures/StoreBox_albedo.jpg
  artifactKey: Guid(86f4a70e9a66884418753ec2a65e4a49) Importer(815301076,1909f56bfc062723c751e8b465ee728b)
Start importing Assets/Materials/Textures/StoreBox_albedo.jpg using Guid(86f4a70e9a66884418753ec2a65e4a49) Importer(815301076,1909f56bfc062723c751e8b465ee728b)  -> (artifact id: 'ede5d2a293692480536b7a33f424a7f2') in 0.078613 seconds 
========================================================================
Received Import Request.
  Time since last request: 10.360475 seconds.
  path: Assets/Materials/Textures/Refrigator_albedo.tga
  artifactKey: Guid(6406738a692eafb4bb8a43ff8d662b76) Importer(815301076,1909f56bfc062723c751e8b465ee728b)
Start importing Assets/Materials/Textures/Refrigator_albedo.tga using Guid(6406738a692eafb4bb8a43ff8d662b76) Importer(815301076,1909f56bfc062723c751e8b465ee728b)  -> (artifact id: '588d67f16feb46b950e8d3d91b30aa25') in 0.032653 seconds 
========================================================================
Received Import Request.
  Time since last request: 2.188480 seconds.
  path: Assets/Materials/Refrigator.mat
  artifactKey: Guid(1ef70ed51fde24c4d9a06c3af89768d0) Importer(815301076,1909f56bfc062723c751e8b465ee728b)
Start importing Assets/Materials/Refrigator.mat using Guid(1ef70ed51fde24c4d9a06c3af89768d0) Importer(815301076,1909f56bfc062723c751e8b465ee728b)  -> (artifact id: '6abcde675caf2b9d760dd20a43f20ad5') in 0.011461 seconds 
========================================================================
Received Import Request.
  Time since last request: 10.726458 seconds.
  path: Assets/Models/Refrigirator.fbx
  artifactKey: Guid(59b6b53740ac2a1409d14a25ec44a4cf) Importer(815301076,1909f56bfc062723c751e8b465ee728b)
Start importing Assets/Models/Refrigirator.fbx using Guid(59b6b53740ac2a1409d14a25ec44a4cf) Importer(815301076,1909f56bfc062723c751e8b465ee728b)  -> (artifact id: '7caa67402b578979dd842d580d377793') in 0.052390 seconds 
========================================================================
Received Import Request.
  Time since last request: 7.211476 seconds.
  path: Assets/Models/StoreBox.fbx
  artifactKey: Guid(b5d2b2537c0fef749a6f511702aa3ec4) Importer(815301076,1909f56bfc062723c751e8b465ee728b)
Start importing Assets/Models/StoreBox.fbx using Guid(b5d2b2537c0fef749a6f511702aa3ec4) Importer(815301076,1909f56bfc062723c751e8b465ee728b)  -> (artifact id: 'a8a0022918b2a1a46d4414d6c00955df') in 0.061394 seconds 
========================================================================
Received Import Request.
  Time since last request: 37.912512 seconds.
  path: Assets/Materials/StoreBox.mat
  artifactKey: Guid(b7b9f6ba48410f4468ca3a22c0ae4b12) Importer(815301076,1909f56bfc062723c751e8b465ee728b)
Start importing Assets/Materials/StoreBox.mat using Guid(b7b9f6ba48410f4468ca3a22c0ae4b12) Importer(815301076,1909f56bfc062723c751e8b465ee728b)  -> (artifact id: '547062c9004aa17c499c9ec08549288e') in 0.024718 seconds 
========================================================================
Received Import Request.
  Time since last request: 4.018059 seconds.
  path: Assets/Models/StoreBox.fbx
  artifactKey: Guid(b5d2b2537c0fef749a6f511702aa3ec4) Importer(815301076,1909f56bfc062723c751e8b465ee728b)
Start importing Assets/Models/StoreBox.fbx using Guid(b5d2b2537c0fef749a6f511702aa3ec4) Importer(815301076,1909f56bfc062723c751e8b465ee728b)  -> (artifact id: 'ccb8b317d57b41db86eb79c6294a45cc') in 0.058148 seconds 
========================================================================
Received Import Request.
  Time since last request: 241.002846 seconds.
  path: Assets/Models/StoreBox.fbx
  artifactKey: Guid(b5d2b2537c0fef749a6f511702aa3ec4) Importer(815301076,1909f56bfc062723c751e8b465ee728b)
Start importing Assets/Models/StoreBox.fbx using Guid(b5d2b2537c0fef749a6f511702aa3ec4) Importer(815301076,1909f56bfc062723c751e8b465ee728b)  -> (artifact id: '7cc7afc2a57eea773c02671de436740f') in 0.061212 seconds 
========================================================================
Received Import Request.
  Time since last request: 1215.378128 seconds.
  path: Assets/Materials/Bottle.mat
  artifactKey: Guid(b219edd7078d13b499b461a33955af6b) Importer(815301076,1909f56bfc062723c751e8b465ee728b)
Start importing Assets/Materials/Bottle.mat using Guid(b219edd7078d13b499b461a33955af6b) Importer(815301076,1909f56bfc062723c751e8b465ee728b)  -> (artifact id: '31bd60afc3140b8be0b62320bfff9bdb') in 0.011304 seconds 
========================================================================
Received Import Request.
  Time since last request: 11.758610 seconds.
  path: Assets/Materials/Textures/Bottle_albedo.tga
  artifactKey: Guid(e1d0e111dfc3fa44592068b9edb425b1) Importer(815301076,1909f56bfc062723c751e8b465ee728b)
Start importing Assets/Materials/Textures/Bottle_albedo.tga using Guid(e1d0e111dfc3fa44592068b9edb425b1) Importer(815301076,1909f56bfc062723c751e8b465ee728b)  -> (artifact id: 'a46579e0dd042dc3cb80735ab5e2ba63') in 0.014838 seconds 
========================================================================
Received Import Request.
  Time since last request: 2818.675334 seconds.
  path: Assets/Materials/Foodpack.mat
  artifactKey: Guid(8e8650c78735fc2448b55875cedaa337) Importer(815301076,1909f56bfc062723c751e8b465ee728b)
Start importing Assets/Materials/Foodpack.mat using Guid(8e8650c78735fc2448b55875cedaa337) Importer(815301076,1909f56bfc062723c751e8b465ee728b)  -> (artifact id: '98fccb446acca53ef626fd141ffdb98b') in 0.028460 seconds 
========================================================================
Received Import Request.
  Time since last request: 5.139854 seconds.
  path: Assets/Materials/Textures/ATM_ao.jpg
  artifactKey: Guid(8e8ee7774c159c446a29f0ea6de34d93) Importer(815301076,1909f56bfc062723c751e8b465ee728b)
Start importing Assets/Materials/Textures/ATM_ao.jpg using Guid(8e8ee7774c159c446a29f0ea6de34d93) Importer(815301076,1909f56bfc062723c751e8b465ee728b)  -> (artifact id: '4611a6d65d6c07bfc5f40a359eeb3a46') in 0.008027 seconds 
========================================================================
Received Import Request.
  Time since last request: 0.001594 seconds.
  path: Assets/Materials/Textures/Cart_ao.jpg
  artifactKey: Guid(a93693c488a73ea48b1e7b30053f8af4) Importer(815301076,1909f56bfc062723c751e8b465ee728b)
Start importing Assets/Materials/Textures/Cart_ao.jpg using Guid(a93693c488a73ea48b1e7b30053f8af4) Importer(815301076,1909f56bfc062723c751e8b465ee728b)  -> (artifact id: 'd9f7c44ac48fb1a45880dc0fc89da226') in 0.010277 seconds 
========================================================================
Received Import Request.
  Time since last request: 0.000031 seconds.
  path: Assets/Materials/Textures/Foodpack_height_map.jpg
  artifactKey: Guid(02780d534ea001d4faac87e44b7aed64) Importer(815301076,1909f56bfc062723c751e8b465ee728b)
Start importing Assets/Materials/Textures/Foodpack_height_map.jpg using Guid(02780d534ea001d4faac87e44b7aed64) Importer(815301076,1909f56bfc062723c751e8b465ee728b)  -> (artifact id: '67a7804073f47a4944d8fcb2a7c98bb1') in 0.011799 seconds 
========================================================================
Received Import Request.
  Time since last request: 0.000026 seconds.
  path: Assets/Materials/Textures/Foodpack.tga
  artifactKey: Guid(ed63481ea8fe74b45944da6752148b0a) Importer(815301076,1909f56bfc062723c751e8b465ee728b)
Start importing Assets/Materials/Textures/Foodpack.tga using Guid(ed63481ea8fe74b45944da6752148b0a) Importer(815301076,1909f56bfc062723c751e8b465ee728b)  -> (artifact id: '84313d5a5a0c5d114b6cc476992cb900') in 0.010091 seconds 
========================================================================
Received Import Request.
  Time since last request: 0.000028 seconds.
  path: Assets/Materials/Textures/ATM_metallic.tga
  artifactKey: Guid(6c0cd4720a97d4349980841cf87e111b) Importer(815301076,1909f56bfc062723c751e8b465ee728b)
Start importing Assets/Materials/Textures/ATM_metallic.tga using Guid(6c0cd4720a97d4349980841cf87e111b) Importer(815301076,1909f56bfc062723c751e8b465ee728b)  -> (artifact id: 'de3a88c1f72bfa5d93b32c5fd699ee87') in 0.012558 seconds 
========================================================================
Received Import Request.
  Time since last request: 3493.847814 seconds.
  path: Assets/Materials/Textures/CheckoutTape_height_map.jpg
  artifactKey: Guid(a0d27795fec635c4a8366088fd4940dd) Importer(815301076,1909f56bfc062723c751e8b465ee728b)
Start importing Assets/Materials/Textures/CheckoutTape_height_map.jpg using Guid(a0d27795fec635c4a8366088fd4940dd) Importer(815301076,1909f56bfc062723c751e8b465ee728b)  -> (artifact id: '9f320ae4324f8a731778ee37dae9c28d') in 0.018876 seconds 
========================================================================
Received Import Request.
  Time since last request: 0.000023 seconds.
  path: Assets/Materials/Textures/StoreBox_height_map.jpg
  artifactKey: Guid(44d71a9f8de9fa34bbbbbd064a4b221b) Importer(815301076,1909f56bfc062723c751e8b465ee728b)
Start importing Assets/Materials/Textures/StoreBox_height_map.jpg using Guid(44d71a9f8de9fa34bbbbbd064a4b221b) Importer(815301076,1909f56bfc062723c751e8b465ee728b)  -> (artifact id: '85dfc6fcb1c64517a8d51bc6aab7fae7') in 0.023512 seconds 
========================================================================
Received Import Request.
  Time since last request: 0.000021 seconds.
  path: Assets/Materials/Textures/Shelf_height_map.jpg
  artifactKey: Guid(8277c40c126f93d4fa0fac879dc77d8a) Importer(815301076,1909f56bfc062723c751e8b465ee728b)
Start importing Assets/Materials/Textures/Shelf_height_map.jpg using Guid(8277c40c126f93d4fa0fac879dc77d8a) Importer(815301076,1909f56bfc062723c751e8b465ee728b)  -> (artifact id: '770fefe163f67f3a8aa26d6f00d77fb2') in 0.014850 seconds 
========================================================================
Received Import Request.
  Time since last request: 0.000031 seconds.
  path: Assets/Materials/Textures/Refrigator_ao.jpg
  artifactKey: Guid(cfcd93cf68196a140a158072bc0f9b6e) Importer(815301076,1909f56bfc062723c751e8b465ee728b)
Start importing Assets/Materials/Textures/Refrigator_ao.jpg using Guid(cfcd93cf68196a140a158072bc0f9b6e) Importer(815301076,1909f56bfc062723c751e8b465ee728b)  -> (artifact id: '0e0ed59d08317b794bf3639a06b88494') in 0.028962 seconds 
========================================================================
Received Import Request.
  Time since last request: 0.000026 seconds.
  path: Assets/Materials/Textures/StoreBox_ao.jpg
  artifactKey: Guid(bf0f1c67d3c080b4c9b0f4ef1519868f) Importer(815301076,1909f56bfc062723c751e8b465ee728b)
Start importing Assets/Materials/Textures/StoreBox_ao.jpg using Guid(bf0f1c67d3c080b4c9b0f4ef1519868f) Importer(815301076,1909f56bfc062723c751e8b465ee728b)  -> (artifact id: 'f55e340d1212be5bb1c4bef7b32a42fe') in 0.023359 seconds 
Editor requested this worker to shutdown with reason: Scaling down because of idle timeout
AssetImportWorker is now disconnected from the server
Process exiting
Exiting without the bug reporter. Application will terminate with return code 0